"../../../Engine/Content/EditorResources/S_Actor.ubulk" 0
"../../../Engine/Content/EditorResources/S_Actor.uasset" 1
"../../../Engine/Content/EditorResources/S_Actor.uexp" 2
"../../../Engine/Content/EditorResources/S_BoxReflectionCapture.uasset" 3
"../../../Engine/Content/EditorResources/S_BoxReflectionCapture.uexp" 4
"../../../Engine/Content/EngineResources/DefaultTexture.ubulk" 5
"../../../Engine/Content/EngineResources/DefaultTexture.uasset" 6
"../../../Engine/Content/EngineResources/DefaultTexture.uexp" 7
"../../../Engine/Content/EngineResources/DefaultTextureCube.uasset" 8
"../../../Engine/Content/EngineResources/DefaultTextureCube.uexp" 9
"../../../Engine/Content/EngineResources/DefaultVolumeTexture2D.uasset" 10
"../../../Engine/Content/EngineResources/DefaultVolumeTexture2D.uexp" 11
"../../../Engine/Content/EngineResources/DefaultVolumeTexture.uasset" 12
"../../../Engine/Content/EngineResources/DefaultVolumeTexture.uexp" 13
"../../../Engine/Content/EditorResources/S_Trigger.ubulk" 14
"../../../Engine/Content/EditorResources/S_Trigger.uasset" 15
"../../../Engine/Content/EditorResources/S_Trigger.uexp" 16
"../../../Engine/Content/EditorResources/S_TriggerBox.uasset" 17
"../../../Engine/Content/EditorResources/S_TriggerBox.uexp" 18
"../../../Engine/Content/EditorResources/S_TriggerCapsule.uasset" 19
"../../../Engine/Content/EditorResources/S_TriggerCapsule.uexp" 20
"../../../Engine/Content/EditorResources/S_TriggerSphere.uasset" 21
"../../../Engine/Content/EditorResources/S_TriggerSphere.uexp" 22
"../../../Engine/Content/EngineMeshes/Sphere.ubulk" 23
"../../../Engine/Content/EngineMeshes/Sphere.uasset" 24
"../../../Engine/Content/EngineMeshes/Sphere.uexp" 25
"../../../Engine/Content/EngineResources/GradientTexture0.uasset" 26
"../../../Engine/Content/EngineResources/GradientTexture0.uexp" 27
"../../../Engine/Content/EngineResources/Black.uasset" 28
"../../../Engine/Content/EngineResources/Black.uexp" 29
"../../../Engine/Content/VREditor/LaserPointer/VR_LaserPower_01.ubulk" 30
"../../../Engine/Content/VREditor/LaserPointer/VR_LaserPower_01.uasset" 31
"../../../Engine/Content/VREditor/LaserPointer/VR_LaserPower_01.uexp" 32
"../../../Engine/Content/VREditor/TransformGizmo/TransformGizmoMaterial.uasset" 33
"../../../Engine/Content/VREditor/TransformGizmo/TransformGizmoMaterial.uexp" 34
"../../../Engine/Content/VREditor/TransformGizmo/TranslucentTransformGizmoMaterial.uasset" 35
"../../../Engine/Content/VREditor/TransformGizmo/TranslucentTransformGizmoMaterial.uexp" 36
"../../../Engine/Content/VREditor/TransformGizmo/PlaneTranslationHandle.ubulk" 37
"../../../Engine/Content/VREditor/TransformGizmo/PlaneTranslationHandle.uasset" 38
"../../../Engine/Content/VREditor/TransformGizmo/PlaneTranslationHandle.uexp" 39
"../../../Engine/Content/VREditor/TransformGizmo/BoundingBoxCorner.ubulk" 40
"../../../Engine/Content/VREditor/TransformGizmo/BoundingBoxCorner.uasset" 41
"../../../Engine/Content/VREditor/TransformGizmo/BoundingBoxCorner.uexp" 42
"../../../Engine/Content/VREditor/TransformGizmo/BoundingBoxEdge.ubulk" 43
"../../../Engine/Content/VREditor/TransformGizmo/BoundingBoxEdge.uasset" 44
"../../../Engine/Content/VREditor/TransformGizmo/BoundingBoxEdge.uexp" 45
"../../../Engine/Content/VREditor/TransformGizmo/Main.uasset" 46
"../../../Engine/Content/VREditor/TransformGizmo/Main.uexp" 47
"../../../Engine/Content/VREditor/TransformGizmo/Xray.uasset" 48
"../../../Engine/Content/VREditor/TransformGizmo/Xray.uexp" 49
"../../../Engine/Content/VREditor/TransformGizmo/SM_Sequencer_Node.ubulk" 50
"../../../Engine/Content/VREditor/TransformGizmo/SM_Sequencer_Node.uasset" 51
"../../../Engine/Content/VREditor/TransformGizmo/SM_Sequencer_Node.uexp" 52
"../../../Engine/Content/EditorMaterials/Camera/CineMat.uasset" 53
"../../../Engine/Content/EditorMaterials/Camera/CineMat.uexp" 54
"../../../Engine/Content/EditorMaterials/Camera/MI_CineMat_Rig.uasset" 55
"../../../Engine/Content/EditorMaterials/Camera/MI_CineMat_Rig.uexp" 56
"../../../Engine/Content/EditorMeshes/Camera/SM_CraneRig_Base.ubulk" 57
"../../../Engine/Content/EditorMeshes/Camera/SM_CraneRig_Base.uasset" 58
"../../../Engine/Content/EditorMeshes/Camera/SM_CraneRig_Base.uexp" 59
"../../../Engine/Content/EditorMeshes/Camera/SM_CraneRig_Arm.ubulk" 60
"../../../Engine/Content/EditorMeshes/Camera/SM_CraneRig_Arm.uasset" 61
"../../../Engine/Content/EditorMeshes/Camera/SM_CraneRig_Arm.uexp" 62
"../../../Engine/Content/EditorMeshes/Camera/SM_CraneRig_Mount.ubulk" 63
"../../../Engine/Content/EditorMeshes/Camera/SM_CraneRig_Mount.uasset" 64
"../../../Engine/Content/EditorMeshes/Camera/SM_CraneRig_Mount.uexp" 65
"../../../Engine/Content/EditorMeshes/Camera/SM_CraneRig_Body.ubulk" 66
"../../../Engine/Content/EditorMeshes/Camera/SM_CraneRig_Body.uasset" 67
"../../../Engine/Content/EditorMeshes/Camera/SM_CraneRig_Body.uexp" 68
"../../../Engine/Content/EditorMeshes/Camera/SM_RailRig_Track.ubulk" 69
"../../../Engine/Content/EditorMeshes/Camera/SM_RailRig_Track.uasset" 70
"../../../Engine/Content/EditorMeshes/Camera/SM_RailRig_Track.uexp" 71
"../../../Engine/Content/EditorMeshes/Camera/SM_RailRig_Mount.ubulk" 72
"../../../Engine/Content/EditorMeshes/Camera/SM_RailRig_Mount.uasset" 73
"../../../Engine/Content/EditorMeshes/Camera/SM_RailRig_Mount.uexp" 74
"../../../Engine/Content/EngineMaterials/T_Default_Material_Grid_M.ubulk" 75
"../../../Engine/Content/EngineMaterials/T_Default_Material_Grid_M.uasset" 76
"../../../Engine/Content/EngineMaterials/T_Default_Material_Grid_M.uexp" 77
"../../../Engine/Content/EngineMaterials/T_Default_Material_Grid_N.ubulk" 78
"../../../Engine/Content/EngineMaterials/T_Default_Material_Grid_N.uasset" 79
"../../../Engine/Content/EngineMaterials/T_Default_Material_Grid_N.uexp" 80
"../../../Engine/Content/Functions/Engine_MaterialFunctions01/Opacity/CameraDepthFade.uasset" 81
"../../../Engine/Content/Functions/Engine_MaterialFunctions01/Opacity/CameraDepthFade.uexp" 82
"../../../Engine/Content/EngineMaterials/WorldGridMaterial.uasset" 83
"../../../Engine/Content/EngineMaterials/WorldGridMaterial.uexp" 84
"../../../Engine/Content/ArtTools/RenderToTexture/Meshes/S_1_Unit_Plane.ubulk" 85
"../../../Engine/Content/ArtTools/RenderToTexture/Meshes/S_1_Unit_Plane.uasset" 86
"../../../Engine/Content/ArtTools/RenderToTexture/Meshes/S_1_Unit_Plane.uexp" 87
"../../../Engine/Content/EditorMaterials/ParticleSystems/PSysThumbnail_NoImage.ubulk" 88
"../../../Engine/Content/EditorMaterials/ParticleSystems/PSysThumbnail_NoImage.uasset" 89
"../../../Engine/Content/EditorMaterials/ParticleSystems/PSysThumbnail_NoImage.uexp" 90
"../../../Engine/Content/EditorMaterials/ParticleSystems/PSysThumbnail_OOD.ubulk" 91
"../../../Engine/Content/EditorMaterials/ParticleSystems/PSysThumbnail_OOD.uasset" 92
"../../../Engine/Content/EditorMaterials/ParticleSystems/PSysThumbnail_OOD.uexp" 93
"../../../Engine/Content/EditorLandscapeResources/SplineEditorMeshMat.uasset" 94
"../../../Engine/Content/EditorLandscapeResources/SplineEditorMeshMat.uexp" 95
"../../../Engine/Content/EditorLandscapeResources/SplineEditorMesh.ubulk" 96
"../../../Engine/Content/EditorLandscapeResources/SplineEditorMesh.uasset" 97
"../../../Engine/Content/EditorLandscapeResources/SplineEditorMesh.uexp" 98
"../../../Engine/Content/EditorResources/S_Solver.ubulk" 99
"../../../Engine/Content/EditorResources/S_Solver.uasset" 100
"../../../Engine/Content/EditorResources/S_Solver.uexp" 101
"../../../Engine/Plugins/Media/MediaPlate/Content/SM_MediaPlateScreen.ubulk" 102
"../../../Engine/Plugins/Media/MediaPlate/Content/SM_MediaPlateScreen.uasset" 103
"../../../Engine/Plugins/Media/MediaPlate/Content/SM_MediaPlateScreen.uexp" 104
"../../../Engine/Content/EngineMaterials/Good64x64TilingNoiseHighFreq.uasset" 105
"../../../Engine/Content/EngineMaterials/Good64x64TilingNoiseHighFreq.uexp" 106
"../../../Engine/Content/EngineMaterials/DefaultBokeh.uasset" 107
"../../../Engine/Content/EngineMaterials/DefaultBokeh.uexp" 108
"../../../Engine/Content/EngineMaterials/PreintegratedSkinBRDF.uasset" 109
"../../../Engine/Content/EngineMaterials/PreintegratedSkinBRDF.uexp" 110
"../../../Engine/Content/EngineMaterials/MiniFont.uasset" 111
"../../../Engine/Content/EngineMaterials/MiniFont.uexp" 112
"../../../Engine/Content/EngineMaterials/WeightMapPlaceholderTexture.uasset" 113
"../../../Engine/Content/EngineMaterials/WeightMapPlaceholderTexture.uexp" 114
"../../../Engine/Content/EngineMaterials/DefaultWhiteGrid.ubulk" 115
"../../../Engine/Content/EngineMaterials/DefaultWhiteGrid.uasset" 116
"../../../Engine/Content/EngineMaterials/DefaultWhiteGrid.uexp" 117
"../../../Engine/Plugins/2D/Paper2D/Content/PlaceholderTextures/DummySpriteTexture.ubulk" 118
"../../../Engine/Plugins/2D/Paper2D/Content/PlaceholderTextures/DummySpriteTexture.uasset" 119
"../../../Engine/Plugins/2D/Paper2D/Content/PlaceholderTextures/DummySpriteTexture.uexp" 120
"../../../Engine/Plugins/2D/Paper2D/Content/DefaultSpriteMaterial.uasset" 121
"../../../Engine/Plugins/2D/Paper2D/Content/DefaultSpriteMaterial.uexp" 122
"../../../Engine/Plugins/2D/Paper2D/Content/OpaqueUnlitSpriteMaterial.uasset" 123
"../../../Engine/Plugins/2D/Paper2D/Content/OpaqueUnlitSpriteMaterial.uexp" 124
"../../../Engine/Plugins/2D/Paper2D/Content/MaskedUnlitSpriteMaterial.uasset" 125
"../../../Engine/Plugins/2D/Paper2D/Content/MaskedUnlitSpriteMaterial.uexp" 126
"../../../Engine/Plugins/2D/Paper2D/Content/DummySprite.uasset" 127
"../../../Engine/Plugins/2D/Paper2D/Content/DummySprite.uexp" 128
"../../../Engine/Plugins/2D/Paper2D/Content/DefaultPaperTerrainMaterial.uasset" 129
"../../../Engine/Plugins/2D/Paper2D/Content/DefaultPaperTerrainMaterial.uexp" 130
"../../../Engine/Content/Functions/Engine_MaterialFunctions02/WorldPositionOffset/CameraOffset.uasset" 131
"../../../Engine/Content/Functions/Engine_MaterialFunctions02/WorldPositionOffset/CameraOffset.uexp" 132
"../../../Engine/Plugins/Animation/ControlRig/Content/M_Manip.uasset" 133
"../../../Engine/Plugins/Animation/ControlRig/Content/M_Manip.uexp" 134
"../../../Engine/Content/Animation/DefaultRecorderBoneCompression.uasset" 135
"../../../Engine/Content/Animation/DefaultRecorderBoneCompression.uexp" 136
"../../../Engine/Content/EditorLandscapeResources/DefaultAlphaTexture.uasset" 137
"../../../Engine/Content/EditorLandscapeResources/DefaultAlphaTexture.uexp" 138
"../../../Engine/Content/EditorLandscapeResources/DataLayer.uasset" 139
"../../../Engine/Content/EditorLandscapeResources/DataLayer.uexp" 140
"../../../Engine/Content/EngineMaterials/DefaultMaterial.uasset" 141
"../../../Engine/Content/EngineMaterials/DefaultMaterial.uexp" 142
"../../../Engine/Content/BasicShapes/Sphere.ubulk" 143
"../../../Engine/Content/BasicShapes/Sphere.uasset" 144
"../../../Engine/Content/BasicShapes/Sphere.uexp" 145
"../../../Engine/Content/BasicShapes/Plane.ubulk" 146
"../../../Engine/Content/BasicShapes/Plane.uasset" 147
"../../../Engine/Content/BasicShapes/Plane.uexp" 148
"../../../Engine/Content/BasicShapes/Cylinder.ubulk" 149
"../../../Engine/Content/BasicShapes/Cylinder.uasset" 150
"../../../Engine/Content/BasicShapes/Cylinder.uexp" 151
"../../../Engine/Content/BasicShapes/Cube.ubulk" 152
"../../../Engine/Content/BasicShapes/Cube.uasset" 153
"../../../Engine/Content/BasicShapes/Cube.uexp" 154
"../../../Engine/Content/BasicShapes/Cone.ubulk" 155
"../../../Engine/Content/BasicShapes/Cone.uasset" 156
"../../../Engine/Content/BasicShapes/Cone.uexp" 157
"../../../Engine/Content/EngineSounds/Master.uasset" 158
"../../../Engine/Content/EngineSounds/Master.uexp" 159
"../../../Engine/Content/EngineSky/T_Sky_Stars.ubulk" 160
"../../../Engine/Content/EngineSky/T_Sky_Stars.uasset" 161
"../../../Engine/Content/EngineSky/T_Sky_Stars.uexp" 162
"../../../Engine/Content/EngineSky/T_Sky_Clouds_M.ubulk" 163
"../../../Engine/Content/EngineSky/T_Sky_Clouds_M.uasset" 164
"../../../Engine/Content/EngineSky/T_Sky_Clouds_M.uexp" 165
"../../../Engine/Content/EngineSky/T_Sky_Blue.ubulk" 166
"../../../Engine/Content/EngineSky/T_Sky_Blue.uasset" 167
"../../../Engine/Content/EngineSky/T_Sky_Blue.uexp" 168
"../../../Engine/Content/EngineSky/M_Sky_Panning_Clouds2.uasset" 169
"../../../Engine/Content/EngineSky/M_Sky_Panning_Clouds2.uexp" 170
"../../../Engine/Content/EngineSky/SM_SkySphere.ubulk" 171
"../../../Engine/Content/EngineSky/SM_SkySphere.uasset" 172
"../../../Engine/Content/EngineSky/SM_SkySphere.uexp" 173
"../../../Engine/Content/EngineSky/M_SimpleSkyDome.uasset" 174
"../../../Engine/Content/EngineSky/M_SimpleSkyDome.uexp" 175
"../../../Engine/Plugins/Editor/SpeedTreeImporter/Content/SpeedTree9/game_wind_noise.ubulk" 176
"../../../Engine/Plugins/Editor/SpeedTreeImporter/Content/SpeedTree9/game_wind_noise.uasset" 177
"../../../Engine/Plugins/Editor/SpeedTreeImporter/Content/SpeedTree9/game_wind_noise.uexp" 178
"../../../Engine/Plugins/Editor/SpeedTreeImporter/Content/SpeedTree9/UnpackDirection.uasset" 179
"../../../Engine/Plugins/Editor/SpeedTreeImporter/Content/SpeedTree9/UnpackDirection.uexp" 180
"../../../Engine/Content/Functions/Engine_MaterialFunctions02/ObjectLocalBounds.uasset" 181
"../../../Engine/Content/Functions/Engine_MaterialFunctions02/ObjectLocalBounds.uexp" 182
"../../../Engine/Content/Functions/Engine_MaterialFunctions02/Utility/BreakOutFloat3Components.uasset" 183
"../../../Engine/Content/Functions/Engine_MaterialFunctions02/Utility/BreakOutFloat3Components.uexp" 184
"../../../Engine/Content/Functions/Engine_MaterialFunctions02/UVs/BoundingBoxBased_0-1_UVW.uasset" 185
"../../../Engine/Content/Functions/Engine_MaterialFunctions02/UVs/BoundingBoxBased_0-1_UVW.uexp" 186
"../../../Engine/Content/Functions/Engine_MaterialFunctions02/Utility/VectorLength.uasset" 187
"../../../Engine/Content/Functions/Engine_MaterialFunctions02/Utility/VectorLength.uexp" 188
"../../../Engine/Plugins/Editor/SpeedTreeImporter/Content/SpeedTree9/UnpackInteger3.uasset" 189
"../../../Engine/Plugins/Editor/SpeedTreeImporter/Content/SpeedTree9/UnpackInteger3.uexp" 190
"../../../Engine/Plugins/Editor/SpeedTreeImporter/Content/SpeedTree9/SpeedTreeCameraFacing.uasset" 191
"../../../Engine/Plugins/Editor/SpeedTreeImporter/Content/SpeedTree9/SpeedTreeCameraFacing.uexp" 192
"../../../Engine/Content/Functions/Engine_MaterialFunctions02/WorldPositionOffset/ObjectScale.uasset" 193
"../../../Engine/Content/Functions/Engine_MaterialFunctions02/WorldPositionOffset/ObjectScale.uexp" 194
"../../../Engine/Content/Functions/Engine_MaterialFunctions02/SafeNormalize.uasset" 195
"../../../Engine/Content/Functions/Engine_MaterialFunctions02/SafeNormalize.uexp" 196
"../../../Engine/Plugins/Editor/SpeedTreeImporter/Content/SpeedTree9/SpeedTreeWindMotion.uasset" 197
"../../../Engine/Plugins/Editor/SpeedTreeImporter/Content/SpeedTree9/SpeedTreeWindMotion.uexp" 198
"../../../Engine/Plugins/Editor/SpeedTreeImporter/Content/SpeedTree9/SpeedTreeBranchMotion.uasset" 199
"../../../Engine/Plugins/Editor/SpeedTreeImporter/Content/SpeedTree9/SpeedTreeBranchMotion.uexp" 200
"../../../Engine/Plugins/Editor/SpeedTreeImporter/Content/SpeedTree9/SpeedTreeWind.uasset" 201
"../../../Engine/Plugins/Editor/SpeedTreeImporter/Content/SpeedTree9/SpeedTreeWind.uexp" 202
"../../../Engine/Plugins/Editor/SpeedTreeImporter/Content/SpeedTree9/EmptyNormal.uasset" 203
"../../../Engine/Plugins/Editor/SpeedTreeImporter/Content/SpeedTree9/EmptyNormal.uexp" 204
"../../../Engine/Plugins/Editor/SpeedTreeImporter/Content/SpeedTree9/Empty.uasset" 205
"../../../Engine/Plugins/Editor/SpeedTreeImporter/Content/SpeedTree9/Empty.uexp" 206
"../../../Engine/Plugins/Editor/SpeedTreeImporter/Content/SpeedTree9/SpeedTreeMaster.uasset" 207
"../../../Engine/Plugins/Editor/SpeedTreeImporter/Content/SpeedTree9/SpeedTreeMaster.uexp" 208
"../../../Engine/Plugins/Editor/SpeedTreeImporter/Content/SpeedTree9/SpeedTreeBillboard.uasset" 209
"../../../Engine/Plugins/Editor/SpeedTreeImporter/Content/SpeedTree9/SpeedTreeBillboard.uexp" 210
"../../../Engine/Plugins/Editor/SpeedTreeImporter/Content/SpeedTree9/SpeedTreeBillboardMaster.uasset" 211
"../../../Engine/Plugins/Editor/SpeedTreeImporter/Content/SpeedTree9/SpeedTreeBillboardMaster.uexp" 212
"../../../Engine/Plugins/Runtime/MeshModelingToolset/Content/Materials/M_DynamicMeshComponentVtxColor.uasset" 213
"../../../Engine/Plugins/Runtime/MeshModelingToolset/Content/Materials/M_DynamicMeshComponentVtxColor.uexp" 214
"../../../Engine/Plugins/Interchange/Runtime/Content/Pipelines/DefaultTexturePipeline.uasset" 215
"../../../Engine/Plugins/Interchange/Runtime/Content/Pipelines/DefaultTexturePipeline.uexp" 216
"../../../Engine/Plugins/Interchange/Runtime/Content/Pipelines/DefaultSceneLevelPipeline.uasset" 217
"../../../Engine/Plugins/Interchange/Runtime/Content/Pipelines/DefaultSceneLevelPipeline.uexp" 218
"../../../Engine/Plugins/Interchange/Runtime/Content/Pipelines/DefaultSceneAssetsPipeline.uasset" 219
"../../../Engine/Plugins/Interchange/Runtime/Content/Pipelines/DefaultSceneAssetsPipeline.uexp" 220
"../../../Engine/Plugins/Interchange/Runtime/Content/Pipelines/DefaultMaterialPipeline.uasset" 221
"../../../Engine/Plugins/Interchange/Runtime/Content/Pipelines/DefaultMaterialPipeline.uexp" 222
"../../../Engine/Plugins/Interchange/Runtime/Content/Pipelines/DefaultAssetsPipeline.uasset" 223
"../../../Engine/Plugins/Interchange/Runtime/Content/Pipelines/DefaultAssetsPipeline.uexp" 224
"C:/Users/Hardl/Documents/Code/Unreal Projects/ZombieSurvivor/Content/Art/KenneyBlasterPack/pink.uasset" 225
"C:/Users/Hardl/Documents/Code/Unreal Projects/ZombieSurvivor/Content/Art/KenneyBlasterPack/pink.uexp" 226
"C:/Users/Hardl/Documents/Code/Unreal Projects/ZombieSurvivor/Content/Art/KenneyBlasterPack/dark.uasset" 227
"C:/Users/Hardl/Documents/Code/Unreal Projects/ZombieSurvivor/Content/Art/KenneyBlasterPack/dark.uexp" 228
"C:/Users/Hardl/Documents/Code/Unreal Projects/ZombieSurvivor/Content/Art/KenneyBlasterPack/metal.uasset" 229
"C:/Users/Hardl/Documents/Code/Unreal Projects/ZombieSurvivor/Content/Art/KenneyBlasterPack/metal.uexp" 230
"C:/Users/Hardl/Documents/Code/Unreal Projects/ZombieSurvivor/Content/Art/KenneyBlasterPack/darkMetal.uasset" 231
"C:/Users/Hardl/Documents/Code/Unreal Projects/ZombieSurvivor/Content/Art/KenneyBlasterPack/darkMetal.uexp" 232
"C:/Users/Hardl/Documents/Code/Unreal Projects/ZombieSurvivor/Content/Art/KenneyBlasterPack/blasterH.ubulk" 233
"C:/Users/Hardl/Documents/Code/Unreal Projects/ZombieSurvivor/Content/Art/KenneyBlasterPack/blasterH.uasset" 234
"C:/Users/Hardl/Documents/Code/Unreal Projects/ZombieSurvivor/Content/Art/KenneyBlasterPack/blasterH.uexp" 235
"C:/Users/Hardl/Documents/Code/Unreal Projects/ZombieSurvivor/Content/Art/Sounds/smb_fireball.ubulk" 236
"C:/Users/Hardl/Documents/Code/Unreal Projects/ZombieSurvivor/Content/Art/Sounds/smb_fireball.uasset" 237
"C:/Users/Hardl/Documents/Code/Unreal Projects/ZombieSurvivor/Content/Art/Sounds/smb_fireball.uexp" 238
"C:/Users/Hardl/Documents/Code/Unreal Projects/ZombieSurvivor/Content/Actors/Components/HardlyHealth.uasset" 239
"C:/Users/Hardl/Documents/Code/Unreal Projects/ZombieSurvivor/Content/Actors/Components/HardlyHealth.uexp" 240
"C:/Users/Hardl/Documents/Code/Unreal Projects/ZombieSurvivor/Content/Art/KenneyZombiePack/Skins/survivorFemaleA.ubulk" 241
"C:/Users/Hardl/Documents/Code/Unreal Projects/ZombieSurvivor/Content/Art/KenneyZombiePack/Skins/survivorFemaleA.uasset" 242
"C:/Users/Hardl/Documents/Code/Unreal Projects/ZombieSurvivor/Content/Art/KenneyZombiePack/Skins/survivorFemaleA.uexp" 243
"C:/Users/Hardl/Documents/Code/Unreal Projects/ZombieSurvivor/Content/Art/KenneyZombiePack/Materials/KenneyCharacter.uasset" 244
"C:/Users/Hardl/Documents/Code/Unreal Projects/ZombieSurvivor/Content/Art/KenneyZombiePack/Materials/KenneyCharacter.uexp" 245
"C:/Users/Hardl/Documents/Code/Unreal Projects/ZombieSurvivor/Content/Art/KenneyZombiePack/Model/characterMedium_PhysicsAsset.uasset" 246
"C:/Users/Hardl/Documents/Code/Unreal Projects/ZombieSurvivor/Content/Art/KenneyZombiePack/Model/characterMedium_PhysicsAsset.uexp" 247
"C:/Users/Hardl/Documents/Code/Unreal Projects/ZombieSurvivor/Content/Art/KenneyZombiePack/Model/characterMedium_Skeleton.uasset" 248
"C:/Users/Hardl/Documents/Code/Unreal Projects/ZombieSurvivor/Content/Art/KenneyZombiePack/Model/characterMedium_Skeleton.uexp" 249
"C:/Users/Hardl/Documents/Code/Unreal Projects/ZombieSurvivor/Content/Art/KenneyZombiePack/Model/characterMedium.uasset" 250
"C:/Users/Hardl/Documents/Code/Unreal Projects/ZombieSurvivor/Content/Art/KenneyZombiePack/Model/characterMedium.uexp" 251
"C:/Users/Hardl/Documents/Code/Unreal Projects/ZombieSurvivor/Content/Actors/Base/HardlyBaseCharacter.uasset" 252
"C:/Users/Hardl/Documents/Code/Unreal Projects/ZombieSurvivor/Content/Actors/Base/HardlyBaseCharacter.uexp" 253
"C:/Users/Hardl/Documents/Code/Unreal Projects/ZombieSurvivor/Content/Scene/Input/HardlyFireAction.uasset" 254
"C:/Users/Hardl/Documents/Code/Unreal Projects/ZombieSurvivor/Content/Scene/Input/HardlyFireAction.uexp" 255
"C:/Users/Hardl/Documents/Code/Unreal Projects/ZombieSurvivor/Content/Scene/ActorMacros.uasset" 256
"C:/Users/Hardl/Documents/Code/Unreal Projects/ZombieSurvivor/Content/Scene/ActorMacros.uexp" 257
"C:/Users/Hardl/Documents/Code/Unreal Projects/ZombieSurvivor/Content/Art/Sounds/smb_powerup.ubulk" 258
"C:/Users/Hardl/Documents/Code/Unreal Projects/ZombieSurvivor/Content/Art/Sounds/smb_powerup.uasset" 259
"C:/Users/Hardl/Documents/Code/Unreal Projects/ZombieSurvivor/Content/Art/Sounds/smb_powerup.uexp" 260
"../../../Engine/Content/Animation/DefaultAnimCurveCompressionSettings.uasset" 261
"../../../Engine/Content/Animation/DefaultAnimCurveCompressionSettings.uexp" 262
"../../../Engine/Content/Animation/DefaultAnimBoneCompressionSettings.uasset" 263
"../../../Engine/Content/Animation/DefaultAnimBoneCompressionSettings.uexp" 264
"C:/Users/Hardl/Documents/Code/Unreal Projects/ZombieSurvivor/Content/Art/KenneyZombiePack/Animations/idle_Root_Idle.uasset" 265
"C:/Users/Hardl/Documents/Code/Unreal Projects/ZombieSurvivor/Content/Art/KenneyZombiePack/Animations/idle_Root_Idle.uexp" 266
"C:/Users/Hardl/Documents/Code/Unreal Projects/ZombieSurvivor/Content/Art/KenneyZombiePack/Animations/run_Root_Run.uasset" 267
"C:/Users/Hardl/Documents/Code/Unreal Projects/ZombieSurvivor/Content/Art/KenneyZombiePack/Animations/run_Root_Run.uexp" 268
"C:/Users/Hardl/Documents/Code/Unreal Projects/ZombieSurvivor/Content/Art/KenneyZombiePack/AnimCode/HardlyKenneyMainAnimation.uasset" 269
"C:/Users/Hardl/Documents/Code/Unreal Projects/ZombieSurvivor/Content/Art/KenneyZombiePack/AnimCode/HardlyKenneyMainAnimation.uexp" 270
"C:/Users/Hardl/Documents/Code/Unreal Projects/ZombieSurvivor/Content/Scene/HardlyUserWidget.uasset" 271
"C:/Users/Hardl/Documents/Code/Unreal Projects/ZombieSurvivor/Content/Scene/HardlyUserWidget.uexp" 272
"C:/Users/Hardl/Documents/Code/Unreal Projects/ZombieSurvivor/Content/Scene/Input/HardlyLookInputAction.uasset" 273
"C:/Users/Hardl/Documents/Code/Unreal Projects/ZombieSurvivor/Content/Scene/Input/HardlyLookInputAction.uexp" 274
"C:/Users/Hardl/Documents/Code/Unreal Projects/ZombieSurvivor/Content/Scene/Input/HardlyMoveInputAction.uasset" 275
"C:/Users/Hardl/Documents/Code/Unreal Projects/ZombieSurvivor/Content/Scene/Input/HardlyMoveInputAction.uexp" 276
"C:/Users/Hardl/Documents/Code/Unreal Projects/ZombieSurvivor/Content/Scene/Input/HardlyInputMappingContext.uasset" 277
"C:/Users/Hardl/Documents/Code/Unreal Projects/ZombieSurvivor/Content/Scene/Input/HardlyInputMappingContext.uexp" 278
"../../../Engine/Content/EditorBlueprintResources/StandardMacros.uasset" 279
"../../../Engine/Content/EditorBlueprintResources/StandardMacros.uexp" 280
"C:/Users/Hardl/Documents/Code/Unreal Projects/ZombieSurvivor/Content/Art/Sounds/smb_gameover.ubulk" 281
"C:/Users/Hardl/Documents/Code/Unreal Projects/ZombieSurvivor/Content/Art/Sounds/smb_gameover.uasset" 282
"C:/Users/Hardl/Documents/Code/Unreal Projects/ZombieSurvivor/Content/Art/Sounds/smb_gameover.uexp" 283
"C:/Users/Hardl/Documents/Code/Unreal Projects/ZombieSurvivor/Content/Scene/HardlyOverlapWidget.uasset" 284
"C:/Users/Hardl/Documents/Code/Unreal Projects/ZombieSurvivor/Content/Scene/HardlyOverlapWidget.uexp" 285
"C:/Users/Hardl/Documents/Code/Unreal Projects/ZombieSurvivor/Content/Scene/HardlyUserWidgetYouDied.uasset" 286
"C:/Users/Hardl/Documents/Code/Unreal Projects/ZombieSurvivor/Content/Scene/HardlyUserWidgetYouDied.uexp" 287
"C:/Users/Hardl/Documents/Code/Unreal Projects/ZombieSurvivor/Content/Actors/HardlyMainCharacter.uasset" 288
"C:/Users/Hardl/Documents/Code/Unreal Projects/ZombieSurvivor/Content/Actors/HardlyMainCharacter.uexp" 289
"C:/Users/Hardl/Documents/Code/Unreal Projects/ZombieSurvivor/Content/Weapons/Base/HardlyBaseBullet.uasset" 290
"C:/Users/Hardl/Documents/Code/Unreal Projects/ZombieSurvivor/Content/Weapons/Base/HardlyBaseBullet.uexp" 291
"C:/Users/Hardl/Documents/Code/Unreal Projects/ZombieSurvivor/Content/Art/KenneyBlasterPack/yellow.uasset" 292
"C:/Users/Hardl/Documents/Code/Unreal Projects/ZombieSurvivor/Content/Art/KenneyBlasterPack/yellow.uexp" 293
"C:/Users/Hardl/Documents/Code/Unreal Projects/ZombieSurvivor/Content/Art/KenneyBlasterPack/foamBulletA.ubulk" 294
"C:/Users/Hardl/Documents/Code/Unreal Projects/ZombieSurvivor/Content/Art/KenneyBlasterPack/foamBulletA.uasset" 295
"C:/Users/Hardl/Documents/Code/Unreal Projects/ZombieSurvivor/Content/Art/KenneyBlasterPack/foamBulletA.uexp" 296
"C:/Users/Hardl/Documents/Code/Unreal Projects/ZombieSurvivor/Content/Weapons/HardlyBlasterFoam.uasset" 297
"C:/Users/Hardl/Documents/Code/Unreal Projects/ZombieSurvivor/Content/Weapons/HardlyBlasterFoam.uexp" 298
"C:/Users/Hardl/Documents/Code/Unreal Projects/ZombieSurvivor/Content/Weapons/Base/HardlyBaseGun.uasset" 299
"C:/Users/Hardl/Documents/Code/Unreal Projects/ZombieSurvivor/Content/Weapons/Base/HardlyBaseGun.uexp" 300
"C:/Users/Hardl/Documents/Code/Unreal Projects/ZombieSurvivor/Content/Weapons/HardlyBlaster.uasset" 301
"C:/Users/Hardl/Documents/Code/Unreal Projects/ZombieSurvivor/Content/Weapons/HardlyBlaster.uexp" 302
"../../../Engine/Plugins/Animation/ControlRig/Content/Controls/DefaultGizmoLibraryNormalized.uasset" 303
"../../../Engine/Plugins/Animation/ControlRig/Content/Controls/DefaultGizmoLibraryNormalized.uexp" 304
"../../../Engine/Plugins/Animation/ControlRig/Content/Controls/ControlRig_Wedge_solid.ubulk" 305
"../../../Engine/Plugins/Animation/ControlRig/Content/Controls/ControlRig_Wedge_solid.uasset" 306
"../../../Engine/Plugins/Animation/ControlRig/Content/Controls/ControlRig_Wedge_solid.uexp" 307
"../../../Engine/Plugins/Animation/ControlRig/Content/Controls/ControlRig_Wedge_3mm.ubulk" 308
"../../../Engine/Plugins/Animation/ControlRig/Content/Controls/ControlRig_Wedge_3mm.uasset" 309
"../../../Engine/Plugins/Animation/ControlRig/Content/Controls/ControlRig_Wedge_3mm.uexp" 310
"../../../Engine/Plugins/Animation/ControlRig/Content/Controls/ControlRig_Wedge_1mm.ubulk" 311
"../../../Engine/Plugins/Animation/ControlRig/Content/Controls/ControlRig_Wedge_1mm.uasset" 312
"../../../Engine/Plugins/Animation/ControlRig/Content/Controls/ControlRig_Wedge_1mm.uexp" 313
"../../../Engine/Plugins/Animation/ControlRig/Content/Controls/ControlRig_Triangle_solid.ubulk" 314
"../../../Engine/Plugins/Animation/ControlRig/Content/Controls/ControlRig_Triangle_solid.uasset" 315
"../../../Engine/Plugins/Animation/ControlRig/Content/Controls/ControlRig_Triangle_solid.uexp" 316
"../../../Engine/Plugins/Animation/ControlRig/Content/Controls/ControlRig_Triangle_3mm.ubulk" 317
"../../../Engine/Plugins/Animation/ControlRig/Content/Controls/ControlRig_Triangle_3mm.uasset" 318
"../../../Engine/Plugins/Animation/ControlRig/Content/Controls/ControlRig_Triangle_3mm.uexp" 319
"../../../Engine/Plugins/Animation/ControlRig/Content/Controls/ControlRig_Triangle_1mm.ubulk" 320
"../../../Engine/Plugins/Animation/ControlRig/Content/Controls/ControlRig_Triangle_1mm.uasset" 321
"../../../Engine/Plugins/Animation/ControlRig/Content/Controls/ControlRig_Triangle_1mm.uexp" 322
"../../../Engine/Plugins/Animation/ControlRig/Content/Controls/ControlRig_Star4_solid.ubulk" 323
"../../../Engine/Plugins/Animation/ControlRig/Content/Controls/ControlRig_Star4_solid.uasset" 324
"../../../Engine/Plugins/Animation/ControlRig/Content/Controls/ControlRig_Star4_solid.uexp" 325
"../../../Engine/Plugins/Animation/ControlRig/Content/Controls/ControlRig_Star4_3mm.ubulk" 326
"../../../Engine/Plugins/Animation/ControlRig/Content/Controls/ControlRig_Star4_3mm.uasset" 327
"../../../Engine/Plugins/Animation/ControlRig/Content/Controls/ControlRig_Star4_3mm.uexp" 328
"../../../Engine/Plugins/Animation/ControlRig/Content/Controls/ControlRig_Star4_1mm.ubulk" 329
"../../../Engine/Plugins/Animation/ControlRig/Content/Controls/ControlRig_Star4_1mm.uasset" 330
"../../../Engine/Plugins/Animation/ControlRig/Content/Controls/ControlRig_Star4_1mm.uexp" 331
"../../../Engine/Plugins/Animation/ControlRig/Content/Controls/ControlRig_Square_solid.ubulk" 332
"../../../Engine/Plugins/Animation/ControlRig/Content/Controls/ControlRig_Square_solid.uasset" 333
"../../../Engine/Plugins/Animation/ControlRig/Content/Controls/ControlRig_Square_solid.uexp" 334
"../../../Engine/Plugins/Animation/ControlRig/Content/Controls/ControlRig_Square_3mm.ubulk" 335
"../../../Engine/Plugins/Animation/ControlRig/Content/Controls/ControlRig_Square_3mm.uasset" 336
"../../../Engine/Plugins/Animation/ControlRig/Content/Controls/ControlRig_Square_3mm.uexp" 337
"../../../Engine/Plugins/Animation/ControlRig/Content/Controls/ControlRig_Square_1mm.ubulk" 338
"../../../Engine/Plugins/Animation/ControlRig/Content/Controls/ControlRig_Square_1mm.uasset" 339
"../../../Engine/Plugins/Animation/ControlRig/Content/Controls/ControlRig_Square_1mm.uexp" 340
"../../../Engine/Plugins/Animation/ControlRig/Content/Controls/ControlRig_Sphere_solid.ubulk" 341
"../../../Engine/Plugins/Animation/ControlRig/Content/Controls/ControlRig_Sphere_solid.uasset" 342
"../../../Engine/Plugins/Animation/ControlRig/Content/Controls/ControlRig_Sphere_solid.uexp" 343
"../../../Engine/Plugins/Animation/ControlRig/Content/Controls/ControlRig_Sphere_3mm.ubulk" 344
"../../../Engine/Plugins/Animation/ControlRig/Content/Controls/ControlRig_Sphere_3mm.uasset" 345
"../../../Engine/Plugins/Animation/ControlRig/Content/Controls/ControlRig_Sphere_3mm.uexp" 346
"../../../Engine/Plugins/Animation/ControlRig/Content/Controls/ControlRig_Sphere_1mm.ubulk" 347
"../../../Engine/Plugins/Animation/ControlRig/Content/Controls/ControlRig_Sphere_1mm.uasset" 348
"../../../Engine/Plugins/Animation/ControlRig/Content/Controls/ControlRig_Sphere_1mm.uexp" 349
"../../../Engine/Plugins/Animation/ControlRig/Content/Controls/ControlRig_RoundedTriangle_solid.ubulk" 350
"../../../Engine/Plugins/Animation/ControlRig/Content/Controls/ControlRig_RoundedTriangle_solid.uasset" 351
"../../../Engine/Plugins/Animation/ControlRig/Content/Controls/ControlRig_RoundedTriangle_solid.uexp" 352
"../../../Engine/Plugins/Animation/ControlRig/Content/Controls/ControlRig_RoundedTriangle_3mm.ubulk" 353
"../../../Engine/Plugins/Animation/ControlRig/Content/Controls/ControlRig_RoundedTriangle_3mm.uasset" 354
"../../../Engine/Plugins/Animation/ControlRig/Content/Controls/ControlRig_RoundedTriangle_3mm.uexp" 355
"../../../Engine/Plugins/Animation/ControlRig/Content/Controls/ControlRig_RoundedTriangle_1mm.ubulk" 356
"../../../Engine/Plugins/Animation/ControlRig/Content/Controls/ControlRig_RoundedTriangle_1mm.uasset" 357
"../../../Engine/Plugins/Animation/ControlRig/Content/Controls/ControlRig_RoundedTriangle_1mm.uexp" 358
"../../../Engine/Plugins/Animation/ControlRig/Content/Controls/ControlRig_RoundedSquare_solid.ubulk" 359
"../../../Engine/Plugins/Animation/ControlRig/Content/Controls/ControlRig_RoundedSquare_solid.uasset" 360
"../../../Engine/Plugins/Animation/ControlRig/Content/Controls/ControlRig_RoundedSquare_solid.uexp" 361
"../../../Engine/Plugins/Animation/ControlRig/Content/Controls/ControlRig_RoundedSquare_3mm.ubulk" 362
"../../../Engine/Plugins/Animation/ControlRig/Content/Controls/ControlRig_RoundedSquare_3mm.uasset" 363
"../../../Engine/Plugins/Animation/ControlRig/Content/Controls/ControlRig_RoundedSquare_3mm.uexp" 364
"../../../Engine/Plugins/Animation/ControlRig/Content/Controls/ControlRig_RoundedSquare_1mm.ubulk" 365
"../../../Engine/Plugins/Animation/ControlRig/Content/Controls/ControlRig_RoundedSquare_1mm.uasset" 366
"../../../Engine/Plugins/Animation/ControlRig/Content/Controls/ControlRig_RoundedSquare_1mm.uexp" 367
"../../../Engine/Plugins/Animation/ControlRig/Content/Controls/ControlRig_QuarterCircle_solid.ubulk" 368
"../../../Engine/Plugins/Animation/ControlRig/Content/Controls/ControlRig_QuarterCircle_solid.uasset" 369
"../../../Engine/Plugins/Animation/ControlRig/Content/Controls/ControlRig_QuarterCircle_solid.uexp" 370
"../../../Engine/Plugins/Animation/ControlRig/Content/Controls/ControlRig_QuarterCircle_3mm.ubulk" 371
"../../../Engine/Plugins/Animation/ControlRig/Content/Controls/ControlRig_QuarterCircle_3mm.uasset" 372
"../../../Engine/Plugins/Animation/ControlRig/Content/Controls/ControlRig_QuarterCircle_3mm.uexp" 373
"../../../Engine/Plugins/Animation/ControlRig/Content/Controls/ControlRig_QuarterCircle_1mm.ubulk" 374
"../../../Engine/Plugins/Animation/ControlRig/Content/Controls/ControlRig_QuarterCircle_1mm.uasset" 375
"../../../Engine/Plugins/Animation/ControlRig/Content/Controls/ControlRig_QuarterCircle_1mm.uexp" 376
"../../../Engine/Plugins/Animation/ControlRig/Content/Controls/ControlRig_Pyramid_solid.ubulk" 377
"../../../Engine/Plugins/Animation/ControlRig/Content/Controls/ControlRig_Pyramid_solid.uasset" 378
"../../../Engine/Plugins/Animation/ControlRig/Content/Controls/ControlRig_Pyramid_solid.uexp" 379
"../../../Engine/Plugins/Animation/ControlRig/Content/Controls/ControlRig_Pyramid_3mm.ubulk" 380
"../../../Engine/Plugins/Animation/ControlRig/Content/Controls/ControlRig_Pyramid_3mm.uasset" 381
"../../../Engine/Plugins/Animation/ControlRig/Content/Controls/ControlRig_Pyramid_3mm.uexp" 382
"../../../Engine/Plugins/Animation/ControlRig/Content/Controls/ControlRig_Pyramid_1mm.ubulk" 383
"../../../Engine/Plugins/Animation/ControlRig/Content/Controls/ControlRig_Pyramid_1mm.uasset" 384
"../../../Engine/Plugins/Animation/ControlRig/Content/Controls/ControlRig_Pyramid_1mm.uexp" 385
"../../../Engine/Plugins/Animation/ControlRig/Content/Controls/ControlRig_Octagon_solid.ubulk" 386
"../../../Engine/Plugins/Animation/ControlRig/Content/Controls/ControlRig_Octagon_solid.uasset" 387
"../../../Engine/Plugins/Animation/ControlRig/Content/Controls/ControlRig_Octagon_solid.uexp" 388
"../../../Engine/Plugins/Animation/ControlRig/Content/Controls/ControlRig_Octagon_3mm.ubulk" 389
"../../../Engine/Plugins/Animation/ControlRig/Content/Controls/ControlRig_Octagon_3mm.uasset" 390
"../../../Engine/Plugins/Animation/ControlRig/Content/Controls/ControlRig_Octagon_3mm.uexp" 391
"../../../Engine/Plugins/Animation/ControlRig/Content/Controls/ControlRig_Octagon_1mm.ubulk" 392
"../../../Engine/Plugins/Animation/ControlRig/Content/Controls/ControlRig_Octagon_1mm.uasset" 393
"../../../Engine/Plugins/Animation/ControlRig/Content/Controls/ControlRig_Octagon_1mm.uexp" 394
"../../../Engine/Plugins/Animation/ControlRig/Content/Controls/ControlRig_Hexagon_solid.ubulk" 395
"../../../Engine/Plugins/Animation/ControlRig/Content/Controls/ControlRig_Hexagon_solid.uasset" 396
"../../../Engine/Plugins/Animation/ControlRig/Content/Controls/ControlRig_Hexagon_solid.uexp" 397
"../../../Engine/Plugins/Animation/ControlRig/Content/Controls/ControlRig_Hexagon_3mm.ubulk" 398
"../../../Engine/Plugins/Animation/ControlRig/Content/Controls/ControlRig_Hexagon_3mm.uasset" 399
"../../../Engine/Plugins/Animation/ControlRig/Content/Controls/ControlRig_Hexagon_3mm.uexp" 400
"../../../Engine/Plugins/Animation/ControlRig/Content/Controls/ControlRig_Hexagon_1mm.ubulk" 401
"../../../Engine/Plugins/Animation/ControlRig/Content/Controls/ControlRig_Hexagon_1mm.uasset" 402
"../../../Engine/Plugins/Animation/ControlRig/Content/Controls/ControlRig_Hexagon_1mm.uexp" 403
"../../../Engine/Plugins/Animation/ControlRig/Content/Controls/ControlRig_HalfCircle_solid.ubulk" 404
"../../../Engine/Plugins/Animation/ControlRig/Content/Controls/ControlRig_HalfCircle_solid.uasset" 405
"../../../Engine/Plugins/Animation/ControlRig/Content/Controls/ControlRig_HalfCircle_solid.uexp" 406
"../../../Engine/Plugins/Animation/ControlRig/Content/Controls/ControlRig_HalfCircle_3mm.ubulk" 407
"../../../Engine/Plugins/Animation/ControlRig/Content/Controls/ControlRig_HalfCircle_3mm.uasset" 408
"../../../Engine/Plugins/Animation/ControlRig/Content/Controls/ControlRig_HalfCircle_3mm.uexp" 409
"../../../Engine/Plugins/Animation/ControlRig/Content/Controls/ControlRig_HalfCircle_1mm.ubulk" 410
"../../../Engine/Plugins/Animation/ControlRig/Content/Controls/ControlRig_HalfCircle_1mm.uasset" 411
"../../../Engine/Plugins/Animation/ControlRig/Content/Controls/ControlRig_HalfCircle_1mm.uexp" 412
"../../../Engine/Plugins/Animation/ControlRig/Content/Controls/ControlRig_Diamond_solid.ubulk" 413
"../../../Engine/Plugins/Animation/ControlRig/Content/Controls/ControlRig_Diamond_solid.uasset" 414
"../../../Engine/Plugins/Animation/ControlRig/Content/Controls/ControlRig_Diamond_solid.uexp" 415
"../../../Engine/Plugins/Animation/ControlRig/Content/Controls/ControlRig_Diamond_3mm.ubulk" 416
"../../../Engine/Plugins/Animation/ControlRig/Content/Controls/ControlRig_Diamond_3mm.uasset" 417
"../../../Engine/Plugins/Animation/ControlRig/Content/Controls/ControlRig_Diamond_3mm.uexp" 418
"../../../Engine/Plugins/Animation/ControlRig/Content/Controls/ControlRig_Diamond_1mm.ubulk" 419
"../../../Engine/Plugins/Animation/ControlRig/Content/Controls/ControlRig_Diamond_1mm.uasset" 420
"../../../Engine/Plugins/Animation/ControlRig/Content/Controls/ControlRig_Diamond_1mm.uexp" 421
"../../../Engine/Plugins/Animation/ControlRig/Content/Controls/ControlRig_Circle_solid.ubulk" 422
"../../../Engine/Plugins/Animation/ControlRig/Content/Controls/ControlRig_Circle_solid.uasset" 423
"../../../Engine/Plugins/Animation/ControlRig/Content/Controls/ControlRig_Circle_solid.uexp" 424
"../../../Engine/Plugins/Animation/ControlRig/Content/Controls/ControlRig_Circle_3mm.ubulk" 425
"../../../Engine/Plugins/Animation/ControlRig/Content/Controls/ControlRig_Circle_3mm.uasset" 426
"../../../Engine/Plugins/Animation/ControlRig/Content/Controls/ControlRig_Circle_3mm.uexp" 427
"../../../Engine/Plugins/Animation/ControlRig/Content/Controls/ControlRig_Circle_1mm.ubulk" 428
"../../../Engine/Plugins/Animation/ControlRig/Content/Controls/ControlRig_Circle_1mm.uasset" 429
"../../../Engine/Plugins/Animation/ControlRig/Content/Controls/ControlRig_Circle_1mm.uexp" 430
"../../../Engine/Plugins/Animation/ControlRig/Content/Controls/ControlRig_Box_solid.ubulk" 431
"../../../Engine/Plugins/Animation/ControlRig/Content/Controls/ControlRig_Box_solid.uasset" 432
"../../../Engine/Plugins/Animation/ControlRig/Content/Controls/ControlRig_Box_solid.uexp" 433
"../../../Engine/Plugins/Animation/ControlRig/Content/Controls/ControlRig_Box_3mm.ubulk" 434
"../../../Engine/Plugins/Animation/ControlRig/Content/Controls/ControlRig_Box_3mm.uasset" 435
"../../../Engine/Plugins/Animation/ControlRig/Content/Controls/ControlRig_Box_3mm.uexp" 436
"../../../Engine/Plugins/Animation/ControlRig/Content/Controls/ControlRig_Box_1mm.ubulk" 437
"../../../Engine/Plugins/Animation/ControlRig/Content/Controls/ControlRig_Box_1mm.uasset" 438
"../../../Engine/Plugins/Animation/ControlRig/Content/Controls/ControlRig_Box_1mm.uexp" 439
"../../../Engine/Plugins/Animation/ControlRig/Content/Controls/ControlRig_Arrow_solid.ubulk" 440
"../../../Engine/Plugins/Animation/ControlRig/Content/Controls/ControlRig_Arrow_solid.uasset" 441
"../../../Engine/Plugins/Animation/ControlRig/Content/Controls/ControlRig_Arrow_solid.uexp" 442
"../../../Engine/Plugins/Animation/ControlRig/Content/Controls/ControlRig_Arrow_3mm.ubulk" 443
"../../../Engine/Plugins/Animation/ControlRig/Content/Controls/ControlRig_Arrow_3mm.uasset" 444
"../../../Engine/Plugins/Animation/ControlRig/Content/Controls/ControlRig_Arrow_3mm.uexp" 445
"../../../Engine/Plugins/Animation/ControlRig/Content/Controls/ControlRig_Arrow_1mm.ubulk" 446
"../../../Engine/Plugins/Animation/ControlRig/Content/Controls/ControlRig_Arrow_1mm.uasset" 447
"../../../Engine/Plugins/Animation/ControlRig/Content/Controls/ControlRig_Arrow_1mm.uexp" 448
"../../../Engine/Plugins/Animation/ControlRig/Content/Controls/ControlRig_Arrow4_solid.ubulk" 449
"../../../Engine/Plugins/Animation/ControlRig/Content/Controls/ControlRig_Arrow4_solid.uasset" 450
"../../../Engine/Plugins/Animation/ControlRig/Content/Controls/ControlRig_Arrow4_solid.uexp" 451
"../../../Engine/Plugins/Animation/ControlRig/Content/Controls/ControlRig_Arrow4_3mm.ubulk" 452
"../../../Engine/Plugins/Animation/ControlRig/Content/Controls/ControlRig_Arrow4_3mm.uasset" 453
"../../../Engine/Plugins/Animation/ControlRig/Content/Controls/ControlRig_Arrow4_3mm.uexp" 454
"../../../Engine/Plugins/Animation/ControlRig/Content/Controls/ControlRig_Arrow4_1mm.ubulk" 455
"../../../Engine/Plugins/Animation/ControlRig/Content/Controls/ControlRig_Arrow4_1mm.uasset" 456
"../../../Engine/Plugins/Animation/ControlRig/Content/Controls/ControlRig_Arrow4_1mm.uexp" 457
"../../../Engine/Plugins/Animation/ControlRig/Content/Controls/ControlRig_Arrow2_solid.ubulk" 458
"../../../Engine/Plugins/Animation/ControlRig/Content/Controls/ControlRig_Arrow2_solid.uasset" 459
"../../../Engine/Plugins/Animation/ControlRig/Content/Controls/ControlRig_Arrow2_solid.uexp" 460
"../../../Engine/Plugins/Animation/ControlRig/Content/Controls/ControlRig_Arrow2_3mm.ubulk" 461
"../../../Engine/Plugins/Animation/ControlRig/Content/Controls/ControlRig_Arrow2_3mm.uasset" 462
"../../../Engine/Plugins/Animation/ControlRig/Content/Controls/ControlRig_Arrow2_3mm.uexp" 463
"../../../Engine/Plugins/Animation/ControlRig/Content/Controls/ControlRig_Arrow2_1mm.ubulk" 464
"../../../Engine/Plugins/Animation/ControlRig/Content/Controls/ControlRig_Arrow2_1mm.uasset" 465
"../../../Engine/Plugins/Animation/ControlRig/Content/Controls/ControlRig_Arrow2_1mm.uexp" 466
"../../../Engine/Plugins/Animation/ControlRig/Content/Controls/ControlRigXRayMaterial.uasset" 467
"../../../Engine/Plugins/Animation/ControlRig/Content/Controls/ControlRigXRayMaterial.uexp" 468
"../../../Engine/Plugins/Animation/ControlRig/Content/Controls/ControlRigGizmoMaterial.uasset" 469
"../../../Engine/Plugins/Animation/ControlRig/Content/Controls/ControlRigGizmoMaterial.uexp" 470
"../../../Engine/Content/EngineResources/WhiteSquareTexture.uasset" 471
"../../../Engine/Content/EngineResources/WhiteSquareTexture.uexp" 472
"../../../Engine/Content/EngineMaterials/Widget3DPassThrough.uasset" 473
"../../../Engine/Content/EngineMaterials/Widget3DPassThrough.uexp" 474
"../../../Engine/Content/EngineMaterials/Widget3DPassThrough_Translucent.uasset" 475
"../../../Engine/Content/EngineMaterials/Widget3DPassThrough_Translucent.uexp" 476
"../../../Engine/Content/EngineMaterials/Widget3DPassThrough_Translucent_OneSided.uasset" 477
"../../../Engine/Content/EngineMaterials/Widget3DPassThrough_Translucent_OneSided.uexp" 478
"../../../Engine/Content/EngineMaterials/Widget3DPassThrough_Opaque.uasset" 479
"../../../Engine/Content/EngineMaterials/Widget3DPassThrough_Opaque.uexp" 480
"../../../Engine/Content/EngineMaterials/Widget3DPassThrough_Opaque_OneSided.uasset" 481
"../../../Engine/Content/EngineMaterials/Widget3DPassThrough_Opaque_OneSided.uexp" 482
"../../../Engine/Content/EngineMaterials/Widget3DPassThrough_Masked_OneSided.uasset" 483
"../../../Engine/Content/EngineMaterials/Widget3DPassThrough_Masked_OneSided.uexp" 484
"../../../Engine/Content/EngineMaterials/Widget3DPassThrough_Masked.uasset" 485
"../../../Engine/Content/EngineMaterials/Widget3DPassThrough_Masked.uexp" 486
"../../../Engine/Content/EngineMaterials/STBlueNoise_vec2_128x128x64.uasset" 487
"../../../Engine/Content/EngineMaterials/STBlueNoise_vec2_128x128x64.uexp" 488
"../../../Engine/Content/EngineMaterials/STBlueNoise_scalar_128x128x64.uasset" 489
"../../../Engine/Content/EngineMaterials/STBlueNoise_scalar_128x128x64.uexp" 490
"../../../Engine/Content/EngineMaterials/RemoveSurfaceMaterial.uasset" 491
"../../../Engine/Content/EngineMaterials/RemoveSurfaceMaterial.uexp" 492
"../../../Engine/Content/EngineMaterials/DefaultCalibrationGrayscale.uasset" 493
"../../../Engine/Content/EngineMaterials/DefaultCalibrationGrayscale.uexp" 494
"../../../Engine/Content/EngineMaterials/PPM_DefaultCalibrationGrayscale.uasset" 495
"../../../Engine/Content/EngineMaterials/PPM_DefaultCalibrationGrayscale.uexp" 496
"../../../Engine/Content/EngineMaterials/DefaultCalibrationColor.uasset" 497
"../../../Engine/Content/EngineMaterials/DefaultCalibrationColor.uexp" 498
"../../../Engine/Content/EngineMaterials/PPM_DefaultCalibrationColor.uasset" 499
"../../../Engine/Content/EngineMaterials/PPM_DefaultCalibrationColor.uexp" 500
"../../../Engine/Content/EngineMaterials/PhAT_JointLimitMaterial.uasset" 501
"../../../Engine/Content/EngineMaterials/PhAT_JointLimitMaterial.uexp" 502
"../../../Engine/Content/EngineMaterials/NaniteHiddenSectionMaterial.uasset" 503
"../../../Engine/Content/EngineMaterials/NaniteHiddenSectionMaterial.uexp" 504
"../../../Engine/Content/EngineMaterials/InvalidLightmapSettings.ubulk" 505
"../../../Engine/Content/EngineMaterials/InvalidLightmapSettings.uasset" 506
"../../../Engine/Content/EngineMaterials/InvalidLightmapSettings.uexp" 507
"../../../Engine/Content/EngineMaterials/M_InvalidLightmapSettings.uasset" 508
"../../../Engine/Content/EngineMaterials/M_InvalidLightmapSettings.uexp" 509
"../../../Engine/Content/EngineMaterials/GizmoMaterial.uasset" 510
"../../../Engine/Content/EngineMaterials/GizmoMaterial.uexp" 511
"../../../Engine/Content/EngineMaterials/BaseFlattenEmissiveMap_VT.uasset" 512
"../../../Engine/Content/EngineMaterials/BaseFlattenEmissiveMap_VT.uexp" 513
"../../../Engine/Content/EngineMaterials/BaseFlattenGrayscaleMap_VT.uasset" 514
"../../../Engine/Content/EngineMaterials/BaseFlattenGrayscaleMap_VT.uexp" 515
"../../../Engine/Content/EngineMaterials/BaseFlattenLinearColor_VT.uasset" 516
"../../../Engine/Content/EngineMaterials/BaseFlattenLinearColor_VT.uexp" 517
"../../../Engine/Content/EngineMaterials/Black_1x1_EXR_Texture_VT.uasset" 518
"../../../Engine/Content/EngineMaterials/Black_1x1_EXR_Texture_VT.uexp" 519
"../../../Engine/Content/EngineMaterials/BaseFlattenDiffuseMap_VT.uasset" 520
"../../../Engine/Content/EngineMaterials/BaseFlattenDiffuseMap_VT.uexp" 521
"../../../Engine/Content/EngineMaterials/BaseFlattenNormalMap_VT.uasset" 522
"../../../Engine/Content/EngineMaterials/BaseFlattenNormalMap_VT.uexp" 523
"../../../Engine/Content/EngineMaterials/FlattenMaterial_WS_Normal_VT.uasset" 524
"../../../Engine/Content/EngineMaterials/FlattenMaterial_WS_Normal_VT.uexp" 525
"../../../Engine/Content/EngineMaterials/FlattenMaterial_VT.uasset" 526
"../../../Engine/Content/EngineMaterials/FlattenMaterial_VT.uexp" 527
"../../../Engine/Content/EngineMaterials/BaseFlattenNormalMap.uasset" 528
"../../../Engine/Content/EngineMaterials/BaseFlattenNormalMap.uexp" 529
"../../../Engine/Content/EngineMaterials/BaseFlattenGrayscaleMap.uasset" 530
"../../../Engine/Content/EngineMaterials/BaseFlattenGrayscaleMap.uexp" 531
"../../../Engine/Content/EngineMaterials/BaseFlattenDiffuseMap.uasset" 532
"../../../Engine/Content/EngineMaterials/BaseFlattenDiffuseMap.uexp" 533
"../../../Engine/Content/Functions/Engine_MaterialFunctions02/PivotPainter2/Black_1x1_EXR_Texture.uasset" 534
"../../../Engine/Content/Functions/Engine_MaterialFunctions02/PivotPainter2/Black_1x1_EXR_Texture.uexp" 535
"../../../Engine/Content/EngineMaterials/BaseFlattenEmissiveMap.uasset" 536
"../../../Engine/Content/EngineMaterials/BaseFlattenEmissiveMap.uexp" 537
"../../../Engine/Content/EngineMaterials/BaseFlattenLinearColor.uasset" 538
"../../../Engine/Content/EngineMaterials/BaseFlattenLinearColor.uexp" 539
"../../../Engine/Content/EngineMaterials/FlattenMaterial.uasset" 540
"../../../Engine/Content/EngineMaterials/FlattenMaterial.uexp" 541
"../../../Engine/Content/EngineMaterials/DefaultWhiteGrid_Low.uasset" 542
"../../../Engine/Content/EngineMaterials/DefaultWhiteGrid_Low.uexp" 543
"../../../Engine/Content/EngineMaterials/EmissiveMeshMaterial.uasset" 544
"../../../Engine/Content/EngineMaterials/EmissiveMeshMaterial.uexp" 545
"../../../Engine/Content/EngineFonts/RobotoDistanceField.uasset" 546
"../../../Engine/Content/EngineFonts/RobotoDistanceField.uexp" 547
"../../../Engine/Content/EngineMaterials/DefaultTextMaterialOpaque.uasset" 548
"../../../Engine/Content/EngineMaterials/DefaultTextMaterialOpaque.uexp" 549
"../../../Engine/Content/EngineMaterials/DefaultDiffuse.ubulk" 550
"../../../Engine/Content/EngineMaterials/DefaultDiffuse.uasset" 551
"../../../Engine/Content/EngineMaterials/DefaultDiffuse.uexp" 552
"../../../Engine/Content/Functions/Engine_MaterialFunctions02/Utility/BreakOutFloat2Components.uasset" 553
"../../../Engine/Content/Functions/Engine_MaterialFunctions02/Utility/BreakOutFloat2Components.uexp" 554
"../../../Engine/Content/EngineMaterials/DefaultPostProcessMaterial.uasset" 555
"../../../Engine/Content/EngineMaterials/DefaultPostProcessMaterial.uexp" 556
"../../../Engine/Content/EngineMaterials/DefaultPhysicalMaterial.uasset" 557
"../../../Engine/Content/EngineMaterials/DefaultPhysicalMaterial.uexp" 558
"../../../Engine/Content/EngineMaterials/DefaultLightFunctionMaterial.uasset" 559
"../../../Engine/Content/EngineMaterials/DefaultLightFunctionMaterial.uexp" 560
"../../../Engine/Content/EngineMaterials/DefaultDestructiblePhysicalMaterial.uasset" 561
"../../../Engine/Content/EngineMaterials/DefaultDestructiblePhysicalMaterial.uexp" 562
"../../../Engine/Content/EngineMaterials/DefaultDeferredDecalMaterial.uasset" 563
"../../../Engine/Content/EngineMaterials/DefaultDeferredDecalMaterial.uexp" 564
"../../../Engine/Content/EngineMaterials/DefaultBloomKernel.uasset" 565
"../../../Engine/Content/EngineMaterials/DefaultBloomKernel.uexp" 566
"../../../Engine/Content/EngineFonts/Faces/RobotoLight.uexp" 567
"../../../Engine/Content/EngineFonts/Faces/RobotoLight.uasset" 568
"../../../Engine/Content/EngineFonts/Faces/RobotoLight.ufont" 569
"../../../Engine/Content/EngineFonts/Faces/RobotoBold.uexp" 570
"../../../Engine/Content/EngineFonts/Faces/RobotoBold.uasset" 571
"../../../Engine/Content/EngineFonts/Faces/RobotoBold.ufont" 572
"../../../Engine/Content/EngineFonts/Faces/RobotoRegular.uexp" 573
"../../../Engine/Content/EngineFonts/Faces/RobotoRegular.uasset" 574
"../../../Engine/Content/EngineFonts/Faces/RobotoRegular.ufont" 575
"../../../Engine/Content/EngineFonts/Faces/DroidSansFallback.uexp" 576
"../../../Engine/Content/EngineFonts/Faces/DroidSansFallback.uasset" 577
"../../../Engine/Content/EngineFonts/Faces/DroidSansFallback.ufont" 578
"../../../Engine/Content/EngineFonts/Faces/RobotoItalic.uexp" 579
"../../../Engine/Content/EngineFonts/Faces/RobotoItalic.uasset" 580
"../../../Engine/Content/EngineFonts/Faces/RobotoItalic.ufont" 581
"../../../Engine/Content/EngineFonts/Faces/RobotoBoldItalic.uexp" 582
"../../../Engine/Content/EngineFonts/Faces/RobotoBoldItalic.uasset" 583
"../../../Engine/Content/EngineFonts/Faces/RobotoBoldItalic.ufont" 584
"../../../Engine/Content/EngineFonts/Roboto.uasset" 585
"../../../Engine/Content/EngineFonts/Roboto.uexp" 586
"../../../Engine/Content/Functions/Engine_MaterialFunctions02/Utility/CameraDirectionVector.uasset" 587
"../../../Engine/Content/Functions/Engine_MaterialFunctions02/Utility/CameraDirectionVector.uexp" 588
"../../../Engine/Content/EngineDebugMaterials/VolumeToRender.uasset" 589
"../../../Engine/Content/EngineDebugMaterials/VolumeToRender.uexp" 590
"../../../Engine/Content/EngineDebugMaterials/M_VolumeRenderSphereTracePP.uasset" 591
"../../../Engine/Content/EngineDebugMaterials/M_VolumeRenderSphereTracePP.uexp" 592
"../../../Engine/Content/EngineDebugMaterials/M_SimpleUnlitTranslucent.uasset" 593
"../../../Engine/Content/EngineDebugMaterials/M_SimpleUnlitTranslucent.uexp" 594
"../../../Engine/Content/EngineDebugMaterials/DebugMeshMaterial.uasset" 595
"../../../Engine/Content/EngineDebugMaterials/DebugMeshMaterial.uexp" 596
"../../../Engine/Content/EngineDebugMaterials/DebugEditorMaterial.uasset" 597
"../../../Engine/Content/EngineDebugMaterials/DebugEditorMaterial.uexp" 598
"../../../Engine/Content/EngineDamageTypes/DmgTypeBP_Environmental.uasset" 599
"../../../Engine/Content/EngineDamageTypes/DmgTypeBP_Environmental.uexp" 600
"../../../Engine/Content/EditorResources/S_Terrain.ubulk" 601
"../../../Engine/Content/EditorResources/S_Terrain.uasset" 602
"../../../Engine/Content/EditorResources/S_Terrain.uexp" 603
"../../../Engine/Content/EditorResources/EmptyActor.uasset" 604
"../../../Engine/Content/EditorResources/EmptyActor.uexp" 605
"../../../Engine/Content/EditorResources/BSPVertex.uasset" 606
"../../../Engine/Content/EditorResources/BSPVertex.uexp" 607
"../../../Engine/Content/EditorMaterials/PreviewShadowIndicator.ubulk" 608
"../../../Engine/Content/EditorMaterials/PreviewShadowIndicator.uasset" 609
"../../../Engine/Content/EditorMaterials/PreviewShadowIndicator.uexp" 610
"../../../Engine/Content/EditorMaterials/PreviewShadowIndicatorMaterial.uasset" 611
"../../../Engine/Content/EditorMaterials/PreviewShadowIndicatorMaterial.uexp" 612
"../../../Engine/Content/EditorMaterials/PhAT_UnselectedMaterial.uasset" 613
"../../../Engine/Content/EditorMaterials/PhAT_UnselectedMaterial.uexp" 614
"../../../Engine/Content/EditorMaterials/PhAT_NoCollisionMaterial.uasset" 615
"../../../Engine/Content/EditorMaterials/PhAT_NoCollisionMaterial.uexp" 616
"../../../Engine/Content/EngineSky/VolumetricClouds/CloudWeatherTexture.uasset" 617
"../../../Engine/Content/EngineSky/VolumetricClouds/CloudWeatherTexture.uexp" 618
"../../../Engine/Content/Functions/Engine_MaterialFunctions02/Utility/MakeFloat2.uasset" 619
"../../../Engine/Content/Functions/Engine_MaterialFunctions02/Utility/MakeFloat2.uexp" 620
"../../../Engine/Content/EngineSky/VolumetricClouds/CloudGradientTexture.uasset" 621
"../../../Engine/Content/EngineSky/VolumetricClouds/CloudGradientTexture.uexp" 622
"../../../Engine/Content/EngineSky/VolumetricClouds/T_NoiseShape64.ubulk" 623
"../../../Engine/Content/EngineSky/VolumetricClouds/T_NoiseShape64.uasset" 624
"../../../Engine/Content/EngineSky/VolumetricClouds/T_NoiseShape64.uexp" 625
"../../../Engine/Content/EngineSky/VolumetricClouds/T_VolumeNoiseShape64.uasset" 626
"../../../Engine/Content/EngineSky/VolumetricClouds/T_VolumeNoiseShape64.uexp" 627
"../../../Engine/Content/EngineSky/VolumetricClouds/T_NoiseErosion.ubulk" 628
"../../../Engine/Content/EngineSky/VolumetricClouds/T_NoiseErosion.uasset" 629
"../../../Engine/Content/EngineSky/VolumetricClouds/T_NoiseErosion.uexp" 630
"../../../Engine/Content/EngineSky/VolumetricClouds/T_VolumeNoiseErosion32.uasset" 631
"../../../Engine/Content/EngineSky/VolumetricClouds/T_VolumeNoiseErosion32.uexp" 632
"../../../Engine/Content/EngineSky/VolumetricClouds/m_SimpleVolumetricCloud.uasset" 633
"../../../Engine/Content/EngineSky/VolumetricClouds/m_SimpleVolumetricCloud.uexp" 634
"../../../Engine/Content/EngineSky/VolumetricClouds/m_SimpleVolumetricCloud_Inst.uasset" 635
"../../../Engine/Content/EngineSky/VolumetricClouds/m_SimpleVolumetricCloud_Inst.uexp" 636
"../../../Engine/Content/EngineResources/FilmGrains/Marcie_Grain_v3_128_M2_000.uasset" 637
"../../../Engine/Content/EngineResources/FilmGrains/Marcie_Grain_v3_128_M2_000.uexp" 638
"C:/Users/Hardl/Documents/Code/Unreal Projects/ZombieSurvivor/Content/Art/KenneyFurniture/metalDark.uasset" 639
"C:/Users/Hardl/Documents/Code/Unreal Projects/ZombieSurvivor/Content/Art/KenneyFurniture/metalDark.uexp" 640
"C:/Users/Hardl/Documents/Code/Unreal Projects/ZombieSurvivor/Content/Art/KenneyFurniture/carpetWhite.uasset" 641
"C:/Users/Hardl/Documents/Code/Unreal Projects/ZombieSurvivor/Content/Art/KenneyFurniture/carpetWhite.uexp" 642
"C:/Users/Hardl/Documents/Code/Unreal Projects/ZombieSurvivor/Content/Art/KenneyFurniture/metalLight.uasset" 643
"C:/Users/Hardl/Documents/Code/Unreal Projects/ZombieSurvivor/Content/Art/KenneyFurniture/metalLight.uexp" 644
"C:/Users/Hardl/Documents/Code/Unreal Projects/ZombieSurvivor/Content/Art/KenneyFurniture/bathtub_bathtub.ubulk" 645
"C:/Users/Hardl/Documents/Code/Unreal Projects/ZombieSurvivor/Content/Art/KenneyFurniture/bathtub_bathtub.uasset" 646
"C:/Users/Hardl/Documents/Code/Unreal Projects/ZombieSurvivor/Content/Art/KenneyFurniture/bathtub_bathtub.uexp" 647
"C:/Users/Hardl/Documents/Code/Unreal Projects/ZombieSurvivor/Content/Art/KenneyCity/wood.uasset" 648
"C:/Users/Hardl/Documents/Code/Unreal Projects/ZombieSurvivor/Content/Art/KenneyCity/wood.uexp" 649
"C:/Users/Hardl/Documents/Code/Unreal Projects/ZombieSurvivor/Content/Art/KenneyCity/roof.uasset" 650
"C:/Users/Hardl/Documents/Code/Unreal Projects/ZombieSurvivor/Content/Art/KenneyCity/roof.uexp" 651
"C:/Users/Hardl/Documents/Code/Unreal Projects/ZombieSurvivor/Content/Art/KenneyCity/tree_large.ubulk" 652
"C:/Users/Hardl/Documents/Code/Unreal Projects/ZombieSurvivor/Content/Art/KenneyCity/tree_large.uasset" 653
"C:/Users/Hardl/Documents/Code/Unreal Projects/ZombieSurvivor/Content/Art/KenneyCity/tree_large.uexp" 654
"C:/Users/Hardl/Documents/Code/Unreal Projects/ZombieSurvivor/Content/Art/KenneyCity/border.uasset" 655
"C:/Users/Hardl/Documents/Code/Unreal Projects/ZombieSurvivor/Content/Art/KenneyCity/border.uexp" 656
"C:/Users/Hardl/Documents/Code/Unreal Projects/ZombieSurvivor/Content/Art/KenneyCity/path_short.ubulk" 657
"C:/Users/Hardl/Documents/Code/Unreal Projects/ZombieSurvivor/Content/Art/KenneyCity/path_short.uasset" 658
"C:/Users/Hardl/Documents/Code/Unreal Projects/ZombieSurvivor/Content/Art/KenneyCity/path_short.uexp" 659
"C:/Users/Hardl/Documents/Code/Unreal Projects/ZombieSurvivor/Content/Art/KenneyCity/_defaultMat.uasset" 660
"C:/Users/Hardl/Documents/Code/Unreal Projects/ZombieSurvivor/Content/Art/KenneyCity/_defaultMat.uexp" 661
"C:/Users/Hardl/Documents/Code/Unreal Projects/ZombieSurvivor/Content/Art/KenneyCity/door.uasset" 662
"C:/Users/Hardl/Documents/Code/Unreal Projects/ZombieSurvivor/Content/Art/KenneyCity/door.uexp" 663
"C:/Users/Hardl/Documents/Code/Unreal Projects/ZombieSurvivor/Content/Art/KenneyCity/window.uasset" 664
"C:/Users/Hardl/Documents/Code/Unreal Projects/ZombieSurvivor/Content/Art/KenneyCity/window.uexp" 665
"C:/Users/Hardl/Documents/Code/Unreal Projects/ZombieSurvivor/Content/Art/KenneyCity/house_type12.ubulk" 666
"C:/Users/Hardl/Documents/Code/Unreal Projects/ZombieSurvivor/Content/Art/KenneyCity/house_type12.uasset" 667
"C:/Users/Hardl/Documents/Code/Unreal Projects/ZombieSurvivor/Content/Art/KenneyCity/house_type12.uexp" 668
"C:/Users/Hardl/Documents/Code/Unreal Projects/ZombieSurvivor/Content/Art/KenneyCity/house_type09.ubulk" 669
"C:/Users/Hardl/Documents/Code/Unreal Projects/ZombieSurvivor/Content/Art/KenneyCity/house_type09.uasset" 670
"C:/Users/Hardl/Documents/Code/Unreal Projects/ZombieSurvivor/Content/Art/KenneyCity/house_type09.uexp" 671
"C:/Users/Hardl/Documents/Code/Unreal Projects/ZombieSurvivor/Content/Art/KenneyCity/house_type05.ubulk" 672
"C:/Users/Hardl/Documents/Code/Unreal Projects/ZombieSurvivor/Content/Art/KenneyCity/house_type05.uasset" 673
"C:/Users/Hardl/Documents/Code/Unreal Projects/ZombieSurvivor/Content/Art/KenneyCity/house_type05.uexp" 674
"C:/Users/Hardl/Documents/Code/Unreal Projects/ZombieSurvivor/Content/Art/KenneyCity/fence_wide.ubulk" 675
"C:/Users/Hardl/Documents/Code/Unreal Projects/ZombieSurvivor/Content/Art/KenneyCity/fence_wide.uasset" 676
"C:/Users/Hardl/Documents/Code/Unreal Projects/ZombieSurvivor/Content/Art/KenneyCity/fence_wide.uexp" 677
"C:/Users/Hardl/Documents/Code/Unreal Projects/ZombieSurvivor/Content/Art/KenneyCity/driveway_long.ubulk" 678
"C:/Users/Hardl/Documents/Code/Unreal Projects/ZombieSurvivor/Content/Art/KenneyCity/driveway_long.uasset" 679
"C:/Users/Hardl/Documents/Code/Unreal Projects/ZombieSurvivor/Content/Art/KenneyCity/driveway_long.uexp" 680
"../../../Engine/Content/EngineMaterials/BlendFunc_DefBlend.uasset" 681
"../../../Engine/Content/EngineMaterials/BlendFunc_DefBlend.uexp" 682
"../../../Engine/Content/EngineMaterials/BlendFunc_DefBase.uasset" 683
"../../../Engine/Content/EngineMaterials/BlendFunc_DefBase.uexp" 684
"../../../Engine/Content/Functions/Engine_MaterialFunctions03/Blends/Blend_Overlay.uasset" 685
"../../../Engine/Content/Functions/Engine_MaterialFunctions03/Blends/Blend_Overlay.uexp" 686
"../../../Engine/Content/OpenWorldTemplate/LandscapeMaterial/T_GridChecker_A.ubulk" 687
"../../../Engine/Content/OpenWorldTemplate/LandscapeMaterial/T_GridChecker_A.uasset" 688
"../../../Engine/Content/OpenWorldTemplate/LandscapeMaterial/T_GridChecker_A.uexp" 689
"../../../Engine/Content/Functions/Engine_MaterialFunctions02/Utility/MakeFloat3.uasset" 690
"../../../Engine/Content/Functions/Engine_MaterialFunctions02/Utility/MakeFloat3.uexp" 691
"../../../Engine/Content/Functions/Engine_MaterialFunctions01/Gradient/LinearGradient.uasset" 692
"../../../Engine/Content/Functions/Engine_MaterialFunctions01/Gradient/LinearGradient.uexp" 693
"../../../Engine/Content/Functions/Engine_MaterialFunctions01/ImageAdjustment/CheapContrast.uasset" 694
"../../../Engine/Content/Functions/Engine_MaterialFunctions01/ImageAdjustment/CheapContrast.uexp" 695
"../../../Engine/Content/OpenWorldTemplate/LandscapeMaterial/MF_ProcGrid.uasset" 696
"../../../Engine/Content/OpenWorldTemplate/LandscapeMaterial/MF_ProcGrid.uexp" 697
"../../../Engine/Content/OpenWorldTemplate/LandscapeMaterial/M_ProcGrid.uasset" 698
"../../../Engine/Content/OpenWorldTemplate/LandscapeMaterial/M_ProcGrid.uexp" 699
"../../../Engine/Content/MobileResources/HUD/VirtualJoystick_Background.uasset" 700
"../../../Engine/Content/MobileResources/HUD/VirtualJoystick_Background.uexp" 701
"../../../Engine/Content/MobileResources/HUD/VirtualJoystick_Thumb.uasset" 702
"../../../Engine/Content/MobileResources/HUD/VirtualJoystick_Thumb.uexp" 703
"../../../Engine/Content/MobileResources/HUD/DefaultVirtualJoysticks.uasset" 704
"../../../Engine/Content/MobileResources/HUD/DefaultVirtualJoysticks.uexp" 705
"../../../Engine/Content/EditorResources/SequenceRecorder/RecordingIndicator.uasset" 706
"../../../Engine/Content/EditorResources/SequenceRecorder/RecordingIndicator.uexp" 707
"../../../Engine/Content/EditorResources/SequenceRecorder/Countdown.uasset" 708
"../../../Engine/Content/EditorResources/SequenceRecorder/Countdown.uexp" 709
"../../../Engine/Content/Functions/Engine_MaterialFunctions01/Shading/PowerToRoughness.uasset" 710
"../../../Engine/Content/Functions/Engine_MaterialFunctions01/Shading/PowerToRoughness.uexp" 711
"../../../Engine/Content/Functions/Engine_MaterialFunctions01/Shading/ConvertFromDiffSpec.uasset" 712
"../../../Engine/Content/Functions/Engine_MaterialFunctions01/Shading/ConvertFromDiffSpec.uexp" 713
"../../../Engine/Content/Maps/Entry_BuiltData.uasset" 714
"../../../Engine/Content/Maps/Entry_BuiltData.uexp" 715
"../../../Engine/Content/Maps/Entry.uexp" 716
"../../../Engine/Content/Maps/Entry.umap" 717
"C:/Users/Hardl/Documents/Code/Unreal Projects/ZombieSurvivor/Content/Scene/Menu/HardlyMainMenuPlayerController.uasset" 718
"C:/Users/Hardl/Documents/Code/Unreal Projects/ZombieSurvivor/Content/Scene/Menu/HardlyMainMenuPlayerController.uexp" 719
"C:/Users/Hardl/Documents/Code/Unreal Projects/ZombieSurvivor/Content/Scene/Menu/HardlyGameModeMainMenu.uasset" 720
"C:/Users/Hardl/Documents/Code/Unreal Projects/ZombieSurvivor/Content/Scene/Menu/HardlyGameModeMainMenu.uexp" 721
"C:/Users/Hardl/Documents/Code/Unreal Projects/ZombieSurvivor/Content/Scene/Menu/HardlyMainMenuWidget.uasset" 722
"C:/Users/Hardl/Documents/Code/Unreal Projects/ZombieSurvivor/Content/Scene/Menu/HardlyMainMenuWidget.uexp" 723
"C:/Users/Hardl/Documents/Code/Unreal Projects/ZombieSurvivor/Content/Scene/Menu/HardlyMainMenuLevel.uexp" 724
"C:/Users/Hardl/Documents/Code/Unreal Projects/ZombieSurvivor/Content/Scene/Menu/HardlyMainMenuLevel.umap" 725
"C:/Users/Hardl/Documents/Code/Unreal Projects/ZombieSurvivor/Content/Art/Sounds/smb_breakblock__1_.ubulk" 726
"C:/Users/Hardl/Documents/Code/Unreal Projects/ZombieSurvivor/Content/Art/Sounds/smb_breakblock__1_.uasset" 727
"C:/Users/Hardl/Documents/Code/Unreal Projects/ZombieSurvivor/Content/Art/Sounds/smb_breakblock__1_.uexp" 728
"C:/Users/Hardl/Documents/Code/Unreal Projects/ZombieSurvivor/Content/Art/KenneyZombiePack/AnimCode/HardlyKenneyZombieAnimation.uasset" 729
"C:/Users/Hardl/Documents/Code/Unreal Projects/ZombieSurvivor/Content/Art/KenneyZombiePack/AnimCode/HardlyKenneyZombieAnimation.uexp" 730
"C:/Users/Hardl/Documents/Code/Unreal Projects/ZombieSurvivor/Content/Actors/Base/HardlyBaseZombie.uasset" 731
"C:/Users/Hardl/Documents/Code/Unreal Projects/ZombieSurvivor/Content/Actors/Base/HardlyBaseZombie.uexp" 732
"C:/Users/Hardl/Documents/Code/Unreal Projects/ZombieSurvivor/Content/Art/KenneyZombiePack/Skins/zombieA.ubulk" 733
"C:/Users/Hardl/Documents/Code/Unreal Projects/ZombieSurvivor/Content/Art/KenneyZombiePack/Skins/zombieA.uasset" 734
"C:/Users/Hardl/Documents/Code/Unreal Projects/ZombieSurvivor/Content/Art/KenneyZombiePack/Skins/zombieA.uexp" 735
"C:/Users/Hardl/Documents/Code/Unreal Projects/ZombieSurvivor/Content/Art/KenneyZombiePack/Materials/KenneyZombieA.uasset" 736
"C:/Users/Hardl/Documents/Code/Unreal Projects/ZombieSurvivor/Content/Art/KenneyZombiePack/Materials/KenneyZombieA.uexp" 737
"C:/Users/Hardl/Documents/Code/Unreal Projects/ZombieSurvivor/Content/Actors/HardlyZombie1.uasset" 738
"C:/Users/Hardl/Documents/Code/Unreal Projects/ZombieSurvivor/Content/Actors/HardlyZombie1.uexp" 739
"C:/Users/Hardl/Documents/Code/Unreal Projects/ZombieSurvivor/Content/Scene/MathLibrary.uasset" 740
"C:/Users/Hardl/Documents/Code/Unreal Projects/ZombieSurvivor/Content/Scene/MathLibrary.uexp" 741
"C:/Users/Hardl/Documents/Code/Unreal Projects/ZombieSurvivor/Content/Scene/HardlyBaseGameMode.uasset" 742
"C:/Users/Hardl/Documents/Code/Unreal Projects/ZombieSurvivor/Content/Scene/HardlyBaseGameMode.uexp" 743
"C:/Users/Hardl/Documents/Code/Unreal Projects/ZombieSurvivor/Content/Scene/Level1/HardlyGameModeLevel1.uasset" 744
"C:/Users/Hardl/Documents/Code/Unreal Projects/ZombieSurvivor/Content/Scene/Level1/HardlyGameModeLevel1.uexp" 745
"C:/Users/Hardl/Documents/Code/Unreal Projects/ZombieSurvivor/Content/Scene/Level_HLOD0_Instancing.uasset" 746
"C:/Users/Hardl/Documents/Code/Unreal Projects/ZombieSurvivor/Content/Scene/Level_HLOD0_Instancing.uexp" 747
"C:/Users/Hardl/Documents/Code/Unreal Projects/ZombieSurvivor/Content/Scene/Level1/Level.uexp" 748
"C:/Users/Hardl/Documents/Code/Unreal Projects/ZombieSurvivor/Content/Scene/Level1/Level.umap" 749
"C:/Users/Hardl/Documents/Code/Unreal Projects/ZombieSurvivor/Content/Scene/Level1/Level/_Generated_/Level_MainGrid_L0_X0_Y-2.uexp" 750
"C:/Users/Hardl/Documents/Code/Unreal Projects/ZombieSurvivor/Content/Scene/Level1/Level/_Generated_/Level_MainGrid_L0_X0_Y-2.ubulk" 751
"C:/Users/Hardl/Documents/Code/Unreal Projects/ZombieSurvivor/Content/Scene/Level1/Level/_Generated_/Level_MainGrid_L0_X0_Y-2.umap" 752
"C:/Users/Hardl/Documents/Code/Unreal Projects/ZombieSurvivor/Content/Scene/Level1/Level/_Generated_/Level_MainGrid_L0_X3_Y-2.uexp" 753
"C:/Users/Hardl/Documents/Code/Unreal Projects/ZombieSurvivor/Content/Scene/Level1/Level/_Generated_/Level_MainGrid_L0_X3_Y-2.ubulk" 754
"C:/Users/Hardl/Documents/Code/Unreal Projects/ZombieSurvivor/Content/Scene/Level1/Level/_Generated_/Level_MainGrid_L0_X3_Y-2.umap" 755
"C:/Users/Hardl/Documents/Code/Unreal Projects/ZombieSurvivor/Content/Scene/Level1/Level/_Generated_/Level_MainGrid_L0_X0_Y-1.uexp" 756
"C:/Users/Hardl/Documents/Code/Unreal Projects/ZombieSurvivor/Content/Scene/Level1/Level/_Generated_/Level_MainGrid_L0_X0_Y-1.ubulk" 757
"C:/Users/Hardl/Documents/Code/Unreal Projects/ZombieSurvivor/Content/Scene/Level1/Level/_Generated_/Level_MainGrid_L0_X0_Y-1.umap" 758
"C:/Users/Hardl/Documents/Code/Unreal Projects/ZombieSurvivor/Content/Scene/Level1/Level/_Generated_/Level_MainGrid_L0_X-2_Y-4.uexp" 759
"C:/Users/Hardl/Documents/Code/Unreal Projects/ZombieSurvivor/Content/Scene/Level1/Level/_Generated_/Level_MainGrid_L0_X-2_Y-4.ubulk" 760
"C:/Users/Hardl/Documents/Code/Unreal Projects/ZombieSurvivor/Content/Scene/Level1/Level/_Generated_/Level_MainGrid_L0_X-2_Y-4.umap" 761
"C:/Users/Hardl/Documents/Code/Unreal Projects/ZombieSurvivor/Content/Scene/Level1/Level/_Generated_/Level_MainGrid_L0_X-3_Y2.uexp" 762
"C:/Users/Hardl/Documents/Code/Unreal Projects/ZombieSurvivor/Content/Scene/Level1/Level/_Generated_/Level_MainGrid_L0_X-3_Y2.ubulk" 763
"C:/Users/Hardl/Documents/Code/Unreal Projects/ZombieSurvivor/Content/Scene/Level1/Level/_Generated_/Level_MainGrid_L0_X-3_Y2.umap" 764
"C:/Users/Hardl/Documents/Code/Unreal Projects/ZombieSurvivor/Content/Scene/Level1/Level/_Generated_/Level_MainGrid_L0_X3_Y-3.uexp" 765
"C:/Users/Hardl/Documents/Code/Unreal Projects/ZombieSurvivor/Content/Scene/Level1/Level/_Generated_/Level_MainGrid_L0_X3_Y-3.ubulk" 766
"C:/Users/Hardl/Documents/Code/Unreal Projects/ZombieSurvivor/Content/Scene/Level1/Level/_Generated_/Level_MainGrid_L0_X3_Y-3.umap" 767
"C:/Users/Hardl/Documents/Code/Unreal Projects/ZombieSurvivor/Content/Scene/Level1/Level/_Generated_/Level_MainGrid_L0_X2_Y1.uexp" 768
"C:/Users/Hardl/Documents/Code/Unreal Projects/ZombieSurvivor/Content/Scene/Level1/Level/_Generated_/Level_MainGrid_L0_X2_Y1.ubulk" 769
"C:/Users/Hardl/Documents/Code/Unreal Projects/ZombieSurvivor/Content/Scene/Level1/Level/_Generated_/Level_MainGrid_L0_X2_Y1.umap" 770
"C:/Users/Hardl/Documents/Code/Unreal Projects/ZombieSurvivor/Content/Scene/Level1/Level/_Generated_/Level_MainGrid_L0_X-4_Y-4.uexp" 771
"C:/Users/Hardl/Documents/Code/Unreal Projects/ZombieSurvivor/Content/Scene/Level1/Level/_Generated_/Level_MainGrid_L0_X-4_Y-4.ubulk" 772
"C:/Users/Hardl/Documents/Code/Unreal Projects/ZombieSurvivor/Content/Scene/Level1/Level/_Generated_/Level_MainGrid_L0_X-4_Y-4.umap" 773
"C:/Users/Hardl/Documents/Code/Unreal Projects/ZombieSurvivor/Content/Scene/Level1/Level/_Generated_/Level_MainGrid_L0_X-1_Y-4.uexp" 774
"C:/Users/Hardl/Documents/Code/Unreal Projects/ZombieSurvivor/Content/Scene/Level1/Level/_Generated_/Level_MainGrid_L0_X-1_Y-4.ubulk" 775
"C:/Users/Hardl/Documents/Code/Unreal Projects/ZombieSurvivor/Content/Scene/Level1/Level/_Generated_/Level_MainGrid_L0_X-1_Y-4.umap" 776
"C:/Users/Hardl/Documents/Code/Unreal Projects/ZombieSurvivor/Content/Scene/Level1/Level/_Generated_/Level_MainGrid_L0_X-4_Y-2.uexp" 777
"C:/Users/Hardl/Documents/Code/Unreal Projects/ZombieSurvivor/Content/Scene/Level1/Level/_Generated_/Level_MainGrid_L0_X-4_Y-2.ubulk" 778
"C:/Users/Hardl/Documents/Code/Unreal Projects/ZombieSurvivor/Content/Scene/Level1/Level/_Generated_/Level_MainGrid_L0_X-4_Y-2.umap" 779
"C:/Users/Hardl/Documents/Code/Unreal Projects/ZombieSurvivor/Content/Scene/Level1/Level/_Generated_/Level_MainGrid_L0_X-3_Y-3.uexp" 780
"C:/Users/Hardl/Documents/Code/Unreal Projects/ZombieSurvivor/Content/Scene/Level1/Level/_Generated_/Level_MainGrid_L0_X-3_Y-3.ubulk" 781
"C:/Users/Hardl/Documents/Code/Unreal Projects/ZombieSurvivor/Content/Scene/Level1/Level/_Generated_/Level_MainGrid_L0_X-3_Y-3.umap" 782
"C:/Users/Hardl/Documents/Code/Unreal Projects/ZombieSurvivor/Content/Scene/Level1/Level/_Generated_/Level_MainGrid_L0_X0_Y-3.uexp" 783
"C:/Users/Hardl/Documents/Code/Unreal Projects/ZombieSurvivor/Content/Scene/Level1/Level/_Generated_/Level_MainGrid_L0_X0_Y-3.ubulk" 784
"C:/Users/Hardl/Documents/Code/Unreal Projects/ZombieSurvivor/Content/Scene/Level1/Level/_Generated_/Level_MainGrid_L0_X0_Y-3.umap" 785
"C:/Users/Hardl/Documents/Code/Unreal Projects/ZombieSurvivor/Content/Scene/Level1/Level/_Generated_/Level_MainGrid_L0_X3_Y1.uexp" 786
"C:/Users/Hardl/Documents/Code/Unreal Projects/ZombieSurvivor/Content/Scene/Level1/Level/_Generated_/Level_MainGrid_L0_X3_Y1.ubulk" 787
"C:/Users/Hardl/Documents/Code/Unreal Projects/ZombieSurvivor/Content/Scene/Level1/Level/_Generated_/Level_MainGrid_L0_X3_Y1.umap" 788
"C:/Users/Hardl/Documents/Code/Unreal Projects/ZombieSurvivor/Content/Scene/Level1/Level/_Generated_/Level_MainGrid_L0_X3_Y-4.uexp" 789
"C:/Users/Hardl/Documents/Code/Unreal Projects/ZombieSurvivor/Content/Scene/Level1/Level/_Generated_/Level_MainGrid_L0_X3_Y-4.ubulk" 790
"C:/Users/Hardl/Documents/Code/Unreal Projects/ZombieSurvivor/Content/Scene/Level1/Level/_Generated_/Level_MainGrid_L0_X3_Y-4.umap" 791
"C:/Users/Hardl/Documents/Code/Unreal Projects/ZombieSurvivor/Content/Scene/Level1/Level/_Generated_/Level_MainGrid_L0_X-4_Y-3.uexp" 792
"C:/Users/Hardl/Documents/Code/Unreal Projects/ZombieSurvivor/Content/Scene/Level1/Level/_Generated_/Level_MainGrid_L0_X-4_Y-3.ubulk" 793
"C:/Users/Hardl/Documents/Code/Unreal Projects/ZombieSurvivor/Content/Scene/Level1/Level/_Generated_/Level_MainGrid_L0_X-4_Y-3.umap" 794
"C:/Users/Hardl/Documents/Code/Unreal Projects/ZombieSurvivor/Content/Scene/Level1/Level/_Generated_/Level_MainGrid_L0_X-2_Y3.uexp" 795
"C:/Users/Hardl/Documents/Code/Unreal Projects/ZombieSurvivor/Content/Scene/Level1/Level/_Generated_/Level_MainGrid_L0_X-2_Y3.ubulk" 796
"C:/Users/Hardl/Documents/Code/Unreal Projects/ZombieSurvivor/Content/Scene/Level1/Level/_Generated_/Level_MainGrid_L0_X-2_Y3.umap" 797
"C:/Users/Hardl/Documents/Code/Unreal Projects/ZombieSurvivor/Content/Scene/Level1/Level/_Generated_/Level_MainGrid_L0_X1_Y-4.uexp" 798
"C:/Users/Hardl/Documents/Code/Unreal Projects/ZombieSurvivor/Content/Scene/Level1/Level/_Generated_/Level_MainGrid_L0_X1_Y-4.ubulk" 799
"C:/Users/Hardl/Documents/Code/Unreal Projects/ZombieSurvivor/Content/Scene/Level1/Level/_Generated_/Level_MainGrid_L0_X1_Y-4.umap" 800
"C:/Users/Hardl/Documents/Code/Unreal Projects/ZombieSurvivor/Content/Scene/Level1/Level/_Generated_/Level_MainGrid_L0_X-3_Y3.uexp" 801
"C:/Users/Hardl/Documents/Code/Unreal Projects/ZombieSurvivor/Content/Scene/Level1/Level/_Generated_/Level_MainGrid_L0_X-3_Y3.ubulk" 802
"C:/Users/Hardl/Documents/Code/Unreal Projects/ZombieSurvivor/Content/Scene/Level1/Level/_Generated_/Level_MainGrid_L0_X-3_Y3.umap" 803
"C:/Users/Hardl/Documents/Code/Unreal Projects/ZombieSurvivor/Content/Scene/Level1/Level/_Generated_/Level_MainGrid_L0_X-4_Y3.uexp" 804
"C:/Users/Hardl/Documents/Code/Unreal Projects/ZombieSurvivor/Content/Scene/Level1/Level/_Generated_/Level_MainGrid_L0_X-4_Y3.ubulk" 805
"C:/Users/Hardl/Documents/Code/Unreal Projects/ZombieSurvivor/Content/Scene/Level1/Level/_Generated_/Level_MainGrid_L0_X-4_Y3.umap" 806
"C:/Users/Hardl/Documents/Code/Unreal Projects/ZombieSurvivor/Content/Scene/Level1/Level/_Generated_/Level_MainGrid_L0_X-1_Y1.uexp" 807
"C:/Users/Hardl/Documents/Code/Unreal Projects/ZombieSurvivor/Content/Scene/Level1/Level/_Generated_/Level_MainGrid_L0_X-1_Y1.ubulk" 808
"C:/Users/Hardl/Documents/Code/Unreal Projects/ZombieSurvivor/Content/Scene/Level1/Level/_Generated_/Level_MainGrid_L0_X-1_Y1.umap" 809
"C:/Users/Hardl/Documents/Code/Unreal Projects/ZombieSurvivor/Content/Scene/Level1/Level/_Generated_/Level_MainGrid_L0_X2_Y3.uexp" 810
"C:/Users/Hardl/Documents/Code/Unreal Projects/ZombieSurvivor/Content/Scene/Level1/Level/_Generated_/Level_MainGrid_L0_X2_Y3.ubulk" 811
"C:/Users/Hardl/Documents/Code/Unreal Projects/ZombieSurvivor/Content/Scene/Level1/Level/_Generated_/Level_MainGrid_L0_X2_Y3.umap" 812
"C:/Users/Hardl/Documents/Code/Unreal Projects/ZombieSurvivor/Content/Scene/Level1/Level/_Generated_/Level_MainGrid_L0_X-1_Y2.uexp" 813
"C:/Users/Hardl/Documents/Code/Unreal Projects/ZombieSurvivor/Content/Scene/Level1/Level/_Generated_/Level_MainGrid_L0_X-1_Y2.ubulk" 814
"C:/Users/Hardl/Documents/Code/Unreal Projects/ZombieSurvivor/Content/Scene/Level1/Level/_Generated_/Level_MainGrid_L0_X-1_Y2.umap" 815
"C:/Users/Hardl/Documents/Code/Unreal Projects/ZombieSurvivor/Content/Scene/Level1/Level/_Generated_/Level_MainGrid_L0_X-3_Y-4.uexp" 816
"C:/Users/Hardl/Documents/Code/Unreal Projects/ZombieSurvivor/Content/Scene/Level1/Level/_Generated_/Level_MainGrid_L0_X-3_Y-4.ubulk" 817
"C:/Users/Hardl/Documents/Code/Unreal Projects/ZombieSurvivor/Content/Scene/Level1/Level/_Generated_/Level_MainGrid_L0_X-3_Y-4.umap" 818
"C:/Users/Hardl/Documents/Code/Unreal Projects/ZombieSurvivor/Content/Scene/Level1/Level/_Generated_/Level_MainGrid_L0_X1_Y-3.uexp" 819
"C:/Users/Hardl/Documents/Code/Unreal Projects/ZombieSurvivor/Content/Scene/Level1/Level/_Generated_/Level_MainGrid_L0_X1_Y-3.ubulk" 820
"C:/Users/Hardl/Documents/Code/Unreal Projects/ZombieSurvivor/Content/Scene/Level1/Level/_Generated_/Level_MainGrid_L0_X1_Y-3.umap" 821
"C:/Users/Hardl/Documents/Code/Unreal Projects/ZombieSurvivor/Content/Scene/Level1/Level/_Generated_/Level_MainGrid_L0_X1_Y2.uexp" 822
"C:/Users/Hardl/Documents/Code/Unreal Projects/ZombieSurvivor/Content/Scene/Level1/Level/_Generated_/Level_MainGrid_L0_X1_Y2.ubulk" 823
"C:/Users/Hardl/Documents/Code/Unreal Projects/ZombieSurvivor/Content/Scene/Level1/Level/_Generated_/Level_MainGrid_L0_X1_Y2.umap" 824
"C:/Users/Hardl/Documents/Code/Unreal Projects/ZombieSurvivor/Content/Scene/Level1/Level/_Generated_/Level_MainGrid_L0_X3_Y0.uexp" 825
"C:/Users/Hardl/Documents/Code/Unreal Projects/ZombieSurvivor/Content/Scene/Level1/Level/_Generated_/Level_MainGrid_L0_X3_Y0.ubulk" 826
"C:/Users/Hardl/Documents/Code/Unreal Projects/ZombieSurvivor/Content/Scene/Level1/Level/_Generated_/Level_MainGrid_L0_X3_Y0.umap" 827
"C:/Users/Hardl/Documents/Code/Unreal Projects/ZombieSurvivor/Content/Scene/Level1/Level/_Generated_/Level_MainGrid_L0_X2_Y-1.uexp" 828
"C:/Users/Hardl/Documents/Code/Unreal Projects/ZombieSurvivor/Content/Scene/Level1/Level/_Generated_/Level_MainGrid_L0_X2_Y-1.ubulk" 829
"C:/Users/Hardl/Documents/Code/Unreal Projects/ZombieSurvivor/Content/Scene/Level1/Level/_Generated_/Level_MainGrid_L0_X2_Y-1.umap" 830
"C:/Users/Hardl/Documents/Code/Unreal Projects/ZombieSurvivor/Content/Scene/Level1/Level/_Generated_/Level_MainGrid_L0_X3_Y2.uexp" 831
"C:/Users/Hardl/Documents/Code/Unreal Projects/ZombieSurvivor/Content/Scene/Level1/Level/_Generated_/Level_MainGrid_L0_X3_Y2.ubulk" 832
"C:/Users/Hardl/Documents/Code/Unreal Projects/ZombieSurvivor/Content/Scene/Level1/Level/_Generated_/Level_MainGrid_L0_X3_Y2.umap" 833
"C:/Users/Hardl/Documents/Code/Unreal Projects/ZombieSurvivor/Content/Scene/Level1/Level/_Generated_/Level_MainGrid_L0_X-1_Y3.uexp" 834
"C:/Users/Hardl/Documents/Code/Unreal Projects/ZombieSurvivor/Content/Scene/Level1/Level/_Generated_/Level_MainGrid_L0_X-1_Y3.ubulk" 835
"C:/Users/Hardl/Documents/Code/Unreal Projects/ZombieSurvivor/Content/Scene/Level1/Level/_Generated_/Level_MainGrid_L0_X-1_Y3.umap" 836
"C:/Users/Hardl/Documents/Code/Unreal Projects/ZombieSurvivor/Content/Scene/Level1/Level/_Generated_/Level_MainGrid_L0_X-4_Y1.uexp" 837
"C:/Users/Hardl/Documents/Code/Unreal Projects/ZombieSurvivor/Content/Scene/Level1/Level/_Generated_/Level_MainGrid_L0_X-4_Y1.ubulk" 838
"C:/Users/Hardl/Documents/Code/Unreal Projects/ZombieSurvivor/Content/Scene/Level1/Level/_Generated_/Level_MainGrid_L0_X-4_Y1.umap" 839
"C:/Users/Hardl/Documents/Code/Unreal Projects/ZombieSurvivor/Content/Scene/Level1/Level/_Generated_/Level_MainGrid_L0_X1_Y0.uexp" 840
"C:/Users/Hardl/Documents/Code/Unreal Projects/ZombieSurvivor/Content/Scene/Level1/Level/_Generated_/Level_MainGrid_L0_X1_Y0.ubulk" 841
"C:/Users/Hardl/Documents/Code/Unreal Projects/ZombieSurvivor/Content/Scene/Level1/Level/_Generated_/Level_MainGrid_L0_X1_Y0.umap" 842
"C:/Users/Hardl/Documents/Code/Unreal Projects/ZombieSurvivor/Content/Scene/Level1/Level/_Generated_/Level_MainGrid_L0_X1_Y-2.uexp" 843
"C:/Users/Hardl/Documents/Code/Unreal Projects/ZombieSurvivor/Content/Scene/Level1/Level/_Generated_/Level_MainGrid_L0_X1_Y-2.ubulk" 844
"C:/Users/Hardl/Documents/Code/Unreal Projects/ZombieSurvivor/Content/Scene/Level1/Level/_Generated_/Level_MainGrid_L0_X1_Y-2.umap" 845
"C:/Users/Hardl/Documents/Code/Unreal Projects/ZombieSurvivor/Content/Scene/Level1/Level/_Generated_/Level_MainGrid_L0_X-4_Y0.uexp" 846
"C:/Users/Hardl/Documents/Code/Unreal Projects/ZombieSurvivor/Content/Scene/Level1/Level/_Generated_/Level_MainGrid_L0_X-4_Y0.ubulk" 847
"C:/Users/Hardl/Documents/Code/Unreal Projects/ZombieSurvivor/Content/Scene/Level1/Level/_Generated_/Level_MainGrid_L0_X-4_Y0.umap" 848
"C:/Users/Hardl/Documents/Code/Unreal Projects/ZombieSurvivor/Content/Scene/Level1/Level/_Generated_/Level_MainGrid_L0_X1_Y1.uexp" 849
"C:/Users/Hardl/Documents/Code/Unreal Projects/ZombieSurvivor/Content/Scene/Level1/Level/_Generated_/Level_MainGrid_L0_X1_Y1.ubulk" 850
"C:/Users/Hardl/Documents/Code/Unreal Projects/ZombieSurvivor/Content/Scene/Level1/Level/_Generated_/Level_MainGrid_L0_X1_Y1.umap" 851
"C:/Users/Hardl/Documents/Code/Unreal Projects/ZombieSurvivor/Content/Scene/Level1/Level/_Generated_/Level_MainGrid_L0_X-4_Y2.uexp" 852
"C:/Users/Hardl/Documents/Code/Unreal Projects/ZombieSurvivor/Content/Scene/Level1/Level/_Generated_/Level_MainGrid_L0_X-4_Y2.ubulk" 853
"C:/Users/Hardl/Documents/Code/Unreal Projects/ZombieSurvivor/Content/Scene/Level1/Level/_Generated_/Level_MainGrid_L0_X-4_Y2.umap" 854
"C:/Users/Hardl/Documents/Code/Unreal Projects/ZombieSurvivor/Content/Scene/Level1/Level/_Generated_/Level_MainGrid_L0_X-3_Y0.uexp" 855
"C:/Users/Hardl/Documents/Code/Unreal Projects/ZombieSurvivor/Content/Scene/Level1/Level/_Generated_/Level_MainGrid_L0_X-3_Y0.ubulk" 856
"C:/Users/Hardl/Documents/Code/Unreal Projects/ZombieSurvivor/Content/Scene/Level1/Level/_Generated_/Level_MainGrid_L0_X-3_Y0.umap" 857
"C:/Users/Hardl/Documents/Code/Unreal Projects/ZombieSurvivor/Content/Scene/Level1/Level/_Generated_/Level_MainGrid_L0_X0_Y2.uexp" 858
"C:/Users/Hardl/Documents/Code/Unreal Projects/ZombieSurvivor/Content/Scene/Level1/Level/_Generated_/Level_MainGrid_L0_X0_Y2.ubulk" 859
"C:/Users/Hardl/Documents/Code/Unreal Projects/ZombieSurvivor/Content/Scene/Level1/Level/_Generated_/Level_MainGrid_L0_X0_Y2.umap" 860
"C:/Users/Hardl/Documents/Code/Unreal Projects/ZombieSurvivor/Content/Scene/Level1/Level/_Generated_/Level_MainGrid_L0_X-2_Y0.uexp" 861
"C:/Users/Hardl/Documents/Code/Unreal Projects/ZombieSurvivor/Content/Scene/Level1/Level/_Generated_/Level_MainGrid_L0_X-2_Y0.ubulk" 862
"C:/Users/Hardl/Documents/Code/Unreal Projects/ZombieSurvivor/Content/Scene/Level1/Level/_Generated_/Level_MainGrid_L0_X-2_Y0.umap" 863
"C:/Users/Hardl/Documents/Code/Unreal Projects/ZombieSurvivor/Content/Scene/Level1/Level/_Generated_/Level_MainGrid_L0_X1_Y3.uexp" 864
"C:/Users/Hardl/Documents/Code/Unreal Projects/ZombieSurvivor/Content/Scene/Level1/Level/_Generated_/Level_MainGrid_L0_X1_Y3.ubulk" 865
"C:/Users/Hardl/Documents/Code/Unreal Projects/ZombieSurvivor/Content/Scene/Level1/Level/_Generated_/Level_MainGrid_L0_X1_Y3.umap" 866
"C:/Users/Hardl/Documents/Code/Unreal Projects/ZombieSurvivor/Content/Scene/Level1/Level/_Generated_/Level_MainGrid_L0_X0_Y1.uexp" 867
"C:/Users/Hardl/Documents/Code/Unreal Projects/ZombieSurvivor/Content/Scene/Level1/Level/_Generated_/Level_MainGrid_L0_X0_Y1.ubulk" 868
"C:/Users/Hardl/Documents/Code/Unreal Projects/ZombieSurvivor/Content/Scene/Level1/Level/_Generated_/Level_MainGrid_L0_X0_Y1.umap" 869
"C:/Users/Hardl/Documents/Code/Unreal Projects/ZombieSurvivor/Content/Scene/Level1/Level/_Generated_/Level_MainGrid_L0_X2_Y2.uexp" 870
"C:/Users/Hardl/Documents/Code/Unreal Projects/ZombieSurvivor/Content/Scene/Level1/Level/_Generated_/Level_MainGrid_L0_X2_Y2.ubulk" 871
"C:/Users/Hardl/Documents/Code/Unreal Projects/ZombieSurvivor/Content/Scene/Level1/Level/_Generated_/Level_MainGrid_L0_X2_Y2.umap" 872
"C:/Users/Hardl/Documents/Code/Unreal Projects/ZombieSurvivor/Content/Scene/Level1/Level/_Generated_/Level_MainGrid_L0_X-3_Y1.uexp" 873
"C:/Users/Hardl/Documents/Code/Unreal Projects/ZombieSurvivor/Content/Scene/Level1/Level/_Generated_/Level_MainGrid_L0_X-3_Y1.ubulk" 874
"C:/Users/Hardl/Documents/Code/Unreal Projects/ZombieSurvivor/Content/Scene/Level1/Level/_Generated_/Level_MainGrid_L0_X-3_Y1.umap" 875
"C:/Users/Hardl/Documents/Code/Unreal Projects/ZombieSurvivor/Content/Scene/Level1/Level/_Generated_/Level_MainGrid_L0_X-1_Y-3.uexp" 876
"C:/Users/Hardl/Documents/Code/Unreal Projects/ZombieSurvivor/Content/Scene/Level1/Level/_Generated_/Level_MainGrid_L0_X-1_Y-3.ubulk" 877
"C:/Users/Hardl/Documents/Code/Unreal Projects/ZombieSurvivor/Content/Scene/Level1/Level/_Generated_/Level_MainGrid_L0_X-1_Y-3.umap" 878
"C:/Users/Hardl/Documents/Code/Unreal Projects/ZombieSurvivor/Content/Scene/Level1/Level/_Generated_/Level_MainGrid_L0_X0_Y3.uexp" 879
"C:/Users/Hardl/Documents/Code/Unreal Projects/ZombieSurvivor/Content/Scene/Level1/Level/_Generated_/Level_MainGrid_L0_X0_Y3.ubulk" 880
"C:/Users/Hardl/Documents/Code/Unreal Projects/ZombieSurvivor/Content/Scene/Level1/Level/_Generated_/Level_MainGrid_L0_X0_Y3.umap" 881
"C:/Users/Hardl/Documents/Code/Unreal Projects/ZombieSurvivor/Content/Scene/Level1/Level/_Generated_/Level_MainGrid_L0_X2_Y0.uexp" 882
"C:/Users/Hardl/Documents/Code/Unreal Projects/ZombieSurvivor/Content/Scene/Level1/Level/_Generated_/Level_MainGrid_L0_X2_Y0.ubulk" 883
"C:/Users/Hardl/Documents/Code/Unreal Projects/ZombieSurvivor/Content/Scene/Level1/Level/_Generated_/Level_MainGrid_L0_X2_Y0.umap" 884
"C:/Users/Hardl/Documents/Code/Unreal Projects/ZombieSurvivor/Content/Scene/Level1/Level/_Generated_/Level_MainGrid_L0_X0_Y0.uexp" 885
"C:/Users/Hardl/Documents/Code/Unreal Projects/ZombieSurvivor/Content/Scene/Level1/Level/_Generated_/Level_MainGrid_L0_X0_Y0.ubulk" 886
"C:/Users/Hardl/Documents/Code/Unreal Projects/ZombieSurvivor/Content/Scene/Level1/Level/_Generated_/Level_MainGrid_L0_X0_Y0.umap" 887
"C:/Users/Hardl/Documents/Code/Unreal Projects/ZombieSurvivor/Content/Scene/Level1/Level/_Generated_/Level_MainGrid_L0_X-3_Y-2.uexp" 888
"C:/Users/Hardl/Documents/Code/Unreal Projects/ZombieSurvivor/Content/Scene/Level1/Level/_Generated_/Level_MainGrid_L0_X-3_Y-2.ubulk" 889
"C:/Users/Hardl/Documents/Code/Unreal Projects/ZombieSurvivor/Content/Scene/Level1/Level/_Generated_/Level_MainGrid_L0_X-3_Y-2.umap" 890
"C:/Users/Hardl/Documents/Code/Unreal Projects/ZombieSurvivor/Content/Scene/Level1/Level/_Generated_/Level_MainGrid_L0_X0_Y-4.uexp" 891
"C:/Users/Hardl/Documents/Code/Unreal Projects/ZombieSurvivor/Content/Scene/Level1/Level/_Generated_/Level_MainGrid_L0_X0_Y-4.ubulk" 892
"C:/Users/Hardl/Documents/Code/Unreal Projects/ZombieSurvivor/Content/Scene/Level1/Level/_Generated_/Level_MainGrid_L0_X0_Y-4.umap" 893
"C:/Users/Hardl/Documents/Code/Unreal Projects/ZombieSurvivor/Content/Scene/Level1/Level/_Generated_/Level_MainGrid_L0_X-3_Y-1.uexp" 894
"C:/Users/Hardl/Documents/Code/Unreal Projects/ZombieSurvivor/Content/Scene/Level1/Level/_Generated_/Level_MainGrid_L0_X-3_Y-1.ubulk" 895
"C:/Users/Hardl/Documents/Code/Unreal Projects/ZombieSurvivor/Content/Scene/Level1/Level/_Generated_/Level_MainGrid_L0_X-3_Y-1.umap" 896
"C:/Users/Hardl/Documents/Code/Unreal Projects/ZombieSurvivor/Content/Scene/Level1/Level/_Generated_/Level_MainGrid_L0_X-2_Y2.uexp" 897
"C:/Users/Hardl/Documents/Code/Unreal Projects/ZombieSurvivor/Content/Scene/Level1/Level/_Generated_/Level_MainGrid_L0_X-2_Y2.ubulk" 898
"C:/Users/Hardl/Documents/Code/Unreal Projects/ZombieSurvivor/Content/Scene/Level1/Level/_Generated_/Level_MainGrid_L0_X-2_Y2.umap" 899
"C:/Users/Hardl/Documents/Code/Unreal Projects/ZombieSurvivor/Content/Scene/Level1/Level/_Generated_/Level_MainGrid_L0_X-1_Y-1.uexp" 900
"C:/Users/Hardl/Documents/Code/Unreal Projects/ZombieSurvivor/Content/Scene/Level1/Level/_Generated_/Level_MainGrid_L0_X-1_Y-1.ubulk" 901
"C:/Users/Hardl/Documents/Code/Unreal Projects/ZombieSurvivor/Content/Scene/Level1/Level/_Generated_/Level_MainGrid_L0_X-1_Y-1.umap" 902
"C:/Users/Hardl/Documents/Code/Unreal Projects/ZombieSurvivor/Content/Scene/Level1/Level/_Generated_/Level_MainGrid_L0_X-2_Y1.uexp" 903
"C:/Users/Hardl/Documents/Code/Unreal Projects/ZombieSurvivor/Content/Scene/Level1/Level/_Generated_/Level_MainGrid_L0_X-2_Y1.ubulk" 904
"C:/Users/Hardl/Documents/Code/Unreal Projects/ZombieSurvivor/Content/Scene/Level1/Level/_Generated_/Level_MainGrid_L0_X-2_Y1.umap" 905
"C:/Users/Hardl/Documents/Code/Unreal Projects/ZombieSurvivor/Content/Scene/Level1/Level/_Generated_/Level_MainGrid_L0_X2_Y-4.uexp" 906
"C:/Users/Hardl/Documents/Code/Unreal Projects/ZombieSurvivor/Content/Scene/Level1/Level/_Generated_/Level_MainGrid_L0_X2_Y-4.ubulk" 907
"C:/Users/Hardl/Documents/Code/Unreal Projects/ZombieSurvivor/Content/Scene/Level1/Level/_Generated_/Level_MainGrid_L0_X2_Y-4.umap" 908
"C:/Users/Hardl/Documents/Code/Unreal Projects/ZombieSurvivor/Content/Scene/Level1/Level/_Generated_/Level_MainGrid_L0_X-1_Y-2.uexp" 909
"C:/Users/Hardl/Documents/Code/Unreal Projects/ZombieSurvivor/Content/Scene/Level1/Level/_Generated_/Level_MainGrid_L0_X-1_Y-2.ubulk" 910
"C:/Users/Hardl/Documents/Code/Unreal Projects/ZombieSurvivor/Content/Scene/Level1/Level/_Generated_/Level_MainGrid_L0_X-1_Y-2.umap" 911
"C:/Users/Hardl/Documents/Code/Unreal Projects/ZombieSurvivor/Content/Scene/Level1/Level/_Generated_/Level_MainGrid_L0_X-2_Y-2.uexp" 912
"C:/Users/Hardl/Documents/Code/Unreal Projects/ZombieSurvivor/Content/Scene/Level1/Level/_Generated_/Level_MainGrid_L0_X-2_Y-2.ubulk" 913
"C:/Users/Hardl/Documents/Code/Unreal Projects/ZombieSurvivor/Content/Scene/Level1/Level/_Generated_/Level_MainGrid_L0_X-2_Y-2.umap" 914
"C:/Users/Hardl/Documents/Code/Unreal Projects/ZombieSurvivor/Content/Scene/Level1/Level/_Generated_/Level_MainGrid_L0_X-2_Y-1.uexp" 915
"C:/Users/Hardl/Documents/Code/Unreal Projects/ZombieSurvivor/Content/Scene/Level1/Level/_Generated_/Level_MainGrid_L0_X-2_Y-1.ubulk" 916
"C:/Users/Hardl/Documents/Code/Unreal Projects/ZombieSurvivor/Content/Scene/Level1/Level/_Generated_/Level_MainGrid_L0_X-2_Y-1.umap" 917
"C:/Users/Hardl/Documents/Code/Unreal Projects/ZombieSurvivor/Content/Scene/Level1/Level/_Generated_/Level_MainGrid_L0_X2_Y-2.uexp" 918
"C:/Users/Hardl/Documents/Code/Unreal Projects/ZombieSurvivor/Content/Scene/Level1/Level/_Generated_/Level_MainGrid_L0_X2_Y-2.ubulk" 919
"C:/Users/Hardl/Documents/Code/Unreal Projects/ZombieSurvivor/Content/Scene/Level1/Level/_Generated_/Level_MainGrid_L0_X2_Y-2.umap" 920
"C:/Users/Hardl/Documents/Code/Unreal Projects/ZombieSurvivor/Content/Scene/Level1/Level/_Generated_/Level_MainGrid_L0_X-1_Y0.uexp" 921
"C:/Users/Hardl/Documents/Code/Unreal Projects/ZombieSurvivor/Content/Scene/Level1/Level/_Generated_/Level_MainGrid_L0_X-1_Y0.ubulk" 922
"C:/Users/Hardl/Documents/Code/Unreal Projects/ZombieSurvivor/Content/Scene/Level1/Level/_Generated_/Level_MainGrid_L0_X-1_Y0.umap" 923
"C:/Users/Hardl/Documents/Code/Unreal Projects/ZombieSurvivor/Content/Scene/Level1/Level/_Generated_/Level_MainGrid_L0_X1_Y-1.uexp" 924
"C:/Users/Hardl/Documents/Code/Unreal Projects/ZombieSurvivor/Content/Scene/Level1/Level/_Generated_/Level_MainGrid_L0_X1_Y-1.ubulk" 925
"C:/Users/Hardl/Documents/Code/Unreal Projects/ZombieSurvivor/Content/Scene/Level1/Level/_Generated_/Level_MainGrid_L0_X1_Y-1.umap" 926
"C:/Users/Hardl/Documents/Code/Unreal Projects/ZombieSurvivor/Content/Scene/Level1/Level/_Generated_/Level_MainGrid_L0_X2_Y-3.uexp" 927
"C:/Users/Hardl/Documents/Code/Unreal Projects/ZombieSurvivor/Content/Scene/Level1/Level/_Generated_/Level_MainGrid_L0_X2_Y-3.ubulk" 928
"C:/Users/Hardl/Documents/Code/Unreal Projects/ZombieSurvivor/Content/Scene/Level1/Level/_Generated_/Level_MainGrid_L0_X2_Y-3.umap" 929
"C:/Users/Hardl/Documents/Code/Unreal Projects/ZombieSurvivor/Content/Scene/Level1/Level/_Generated_/Level_MainGrid_L0_X3_Y-1.uexp" 930
"C:/Users/Hardl/Documents/Code/Unreal Projects/ZombieSurvivor/Content/Scene/Level1/Level/_Generated_/Level_MainGrid_L0_X3_Y-1.ubulk" 931
"C:/Users/Hardl/Documents/Code/Unreal Projects/ZombieSurvivor/Content/Scene/Level1/Level/_Generated_/Level_MainGrid_L0_X3_Y-1.umap" 932
"C:/Users/Hardl/Documents/Code/Unreal Projects/ZombieSurvivor/Content/Scene/Level1/Level/_Generated_/Level_MainGrid_L0_X-2_Y-3.uexp" 933
"C:/Users/Hardl/Documents/Code/Unreal Projects/ZombieSurvivor/Content/Scene/Level1/Level/_Generated_/Level_MainGrid_L0_X-2_Y-3.ubulk" 934
"C:/Users/Hardl/Documents/Code/Unreal Projects/ZombieSurvivor/Content/Scene/Level1/Level/_Generated_/Level_MainGrid_L0_X-2_Y-3.umap" 935
"C:/Users/Hardl/Documents/Code/Unreal Projects/ZombieSurvivor/Content/Scene/Level1/Level/_Generated_/Level_MainGrid_L0_X3_Y3.uexp" 936
"C:/Users/Hardl/Documents/Code/Unreal Projects/ZombieSurvivor/Content/Scene/Level1/Level/_Generated_/Level_MainGrid_L0_X3_Y3.ubulk" 937
"C:/Users/Hardl/Documents/Code/Unreal Projects/ZombieSurvivor/Content/Scene/Level1/Level/_Generated_/Level_MainGrid_L0_X3_Y3.umap" 938
"C:/Users/Hardl/Documents/Code/Unreal Projects/ZombieSurvivor/Content/Scene/Level1/Level/_Generated_/Level_MainGrid_L0_X-4_Y-1.uexp" 939
"C:/Users/Hardl/Documents/Code/Unreal Projects/ZombieSurvivor/Content/Scene/Level1/Level/_Generated_/Level_MainGrid_L0_X-4_Y-1.ubulk" 940
"C:/Users/Hardl/Documents/Code/Unreal Projects/ZombieSurvivor/Content/Scene/Level1/Level/_Generated_/Level_MainGrid_L0_X-4_Y-1.umap" 941
